#
# A fatal error has been detected by the Java Runtime Environment:
#
#  EXCEPTION_ACCESS_VIOLATION (0xc0000005) at pc=0x00007ff92a626580, pid=13496, tid=0x0000000000003940
#
# JRE version: Java(TM) SE Runtime Environment (8.0_271-b09) (build 1.8.0_271-b09)
# Java VM: Java HotSpot(TM) 64-Bit Server VM (25.271-b09 mixed mode windows-amd64 compressed oops)
# Problematic frame:
# C  [glass.dll+0x26580]
#
# Failed to write core dump. Minidumps are not enabled by default on client versions of Windows
#
# If you would like to submit a bug report, please visit:
#   http://bugreport.java.com/bugreport/crash.jsp
#

---------------  T H R E A D  ---------------

Current thread (0x000001a865139800):  VMThread [stack: 0x0000001507f00000,0x0000001508000000] [id=14656]

siginfo: ExceptionCode=0xc0000005, reading address 0x0000000000000000

Registers:
RAX=0x0000000000000000, RBX=0x000001a867a1dc68, RCX=0x000001a865139800, RDX=0x00000000532516b0
RSP=0x0000001507fff410, RBP=0x000001a867ab9d78, RSI=0x000001a867ab9d50, RDI=0x0000743ab6b7c4a2
R8 =0x0000000000010002, R9 =0x0000743ab6b7c4a2, R10=0x0000000000008000, R11=0x0000001507fff3b0
R12=0x00007ff92a6239e4, R13=0x000001a84f04b9b0, R14=0x0000001507fff518, R15=0x000001a867ab9d50
RIP=0x00007ff92a626580, EFLAGS=0x0000000000010202

Top of Stack: (sp=0x0000001507fff410)
0x0000001507fff410:   0000000000000000 00007ff93e68f05b
0x0000001507fff420:   000001a867ab9d60 000001a867ab9d50
0x0000001507fff430:   fffffffffffffffe 00007ff92a6239e4
0x0000001507fff440:   000001a867ab9d58 00007ff93e6942d6
0x0000001507fff450:   000001a867ab9d60 000001a800000000
0x0000001507fff460:   000001a867ab9d78 000001a867ab9d50
0x0000001507fff470:   fffffffffffffffe 0000000000000000
0x0000001507fff480:   0000000000000001 00007ff92a600000
0x0000001507fff490:   0000001507fff508 00007ff93e6941fb
0x0000001507fff4a0:   0000000000000000 0000001507fff518
0x0000001507fff4b0:   0000001507fff7d0 00007ff93e770e40
0x0000001507fff4c0:   0000000000000000 00007ff93e6941b4
0x0000001507fff4d0:   0000000000000000 0000000000000001
0x0000001507fff4e0:   00007ff93e2cc000 0000001507fff508
0x0000001507fff4f0:   0000000000000000 00007ff92a623872
0x0000001507fff500:   00007ff92a63d128 00007ff900000002 

Instructions: (pc=0x00007ff92a626580)
0x00007ff92a626560:   40 53 48 83 ec 30 48 c7 44 24 20 fe ff ff ff 48
0x00007ff92a626570:   8b 1d aa 65 01 00 48 85 db 74 16 e8 f0 85 ff ff
0x00007ff92a626580:   4c 8b 00 48 8b d3 48 8b c8 41 ff 90 b0 00 00 00
0x00007ff92a626590:   90 48 83 c4 30 5b c3 cc cc cc cc cc cc cc cc cc 


Register to memory mapping:

RAX=0x0000000000000000 is an unknown value
RBX=0x000001a867a1dc68 is a global jni handle
RCX=0x000001a865139800 is an unknown value
RDX=0x00000000532516b0 is an unknown value
RSP=0x0000001507fff410 is an unknown value
RBP=0x000001a867ab9d78 is an unknown value
RSI=0x000001a867ab9d50 is an unknown value
RDI=0x0000743ab6b7c4a2 is an unknown value
R8 =0x0000000000010002 is an unknown value
R9 =0x0000743ab6b7c4a2 is an unknown value
R10=0x0000000000008000 is an unknown value
R11=0x0000001507fff3b0 is an unknown value
R12=0x00007ff92a6239e4 is an unknown value
R13=0x000001a84f04b9b0 is an unknown value
R14=0x0000001507fff518 is an unknown value
R15=0x000001a867ab9d50 is an unknown value


Stack: [0x0000001507f00000,0x0000001508000000],  sp=0x0000001507fff410,  free space=1021k
Native frames: (J=compiled Java code, j=interpreted, Vv=VM code, C=native code)
C  [glass.dll+0x26580]
C  [ucrtbase.dll+0x142d6]
C  [ucrtbase.dll+0x141fb]
C  [ucrtbase.dll+0x141b4]
C  [glass.dll+0x23872]
C  [glass.dll+0x23998]
C  [ntdll.dll+0x19a1d]
C  [ntdll.dll+0x5db91]
C  [ntdll.dll+0x5da2d]
C  [KERNEL32.DLL+0x1e0ab]
C  [ucrtbase.dll+0x205bc]
C  [ucrtbase.dll+0x2045f]
V  [jvm.dll+0x21b365]
V  [jvm.dll+0x255ff6]
V  [jvm.dll+0x256557]
V  [jvm.dll+0x254cc5]
V  [jvm.dll+0x25543c]
V  [jvm.dll+0x25574c]
V  [jvm.dll+0x2a2dcc]
C  [ucrtbase.dll+0x21bb2]
C  [KERNEL32.DLL+0x17034]
C  [ntdll.dll+0x52651]

VM_Operation (0x0000001508df8640): Exit, mode: safepoint, requested by thread 0x000001a867b14000


---------------  P R O C E S S  ---------------

Java Threads: ( => current thread )
  0x000001a86fdd7000 JavaThread "AWT-Shutdown" [_thread_blocked, id=27816, stack(0x0000001509800000,0x0000001509900000)]
  0x000001a8681a2800 JavaThread "Java2D Disposer" daemon [_thread_blocked, id=3312, stack(0x0000001509700000,0x0000001509800000)]
  0x000001a868113000 JavaThread "Prism Font Disposer" daemon [_thread_blocked, id=9836, stack(0x0000001509600000,0x0000001509700000)]
  0x000001a867ce4000 JavaThread "Thread-3" daemon [_thread_in_native, id=20372, stack(0x0000001509100000,0x0000001509200000)]
  0x000001a867cec800 JavaThread "JavaFX-Launcher" [_thread_blocked, id=18320, stack(0x0000001509200000,0x0000001509300000)]
  0x000001a867b14000 JavaThread "JavaFX Application Thread" [_thread_blocked, id=15824, stack(0x0000001508d00000,0x0000001508e00000)]
  0x000001a867adb000 JavaThread "Thread-1" daemon [_thread_blocked, id=6664, stack(0x0000001508c00000,0x0000001508d00000)]
  0x000001a8651ce000 JavaThread "Service Thread" daemon [_thread_blocked, id=16640, stack(0x0000001508900000,0x0000001508a00000)]
  0x000001a867686000 JavaThread "C1 CompilerThread3" daemon [_thread_blocked, id=15568, stack(0x0000001508800000,0x0000001508900000)]
  0x000001a86767c800 JavaThread "C2 CompilerThread2" daemon [_thread_blocked, id=23804, stack(0x0000001508700000,0x0000001508800000)]
  0x000001a86767b000 JavaThread "C2 CompilerThread1" daemon [_thread_blocked, id=19224, stack(0x0000001508600000,0x0000001508700000)]
  0x000001a867670000 JavaThread "C2 CompilerThread0" daemon [_thread_blocked, id=22948, stack(0x0000001508500000,0x0000001508600000)]
  0x000001a8676f7800 JavaThread "Monitor Ctrl-Break" daemon [_thread_in_native, id=17136, stack(0x0000001508400000,0x0000001508500000)]
  0x000001a865198800 JavaThread "Attach Listener" daemon [_thread_blocked, id=26848, stack(0x0000001508300000,0x0000001508400000)]
  0x000001a865195800 JavaThread "Signal Dispatcher" daemon [_thread_blocked, id=29116, stack(0x0000001508200000,0x0000001508300000)]
  0x000001a865169800 JavaThread "Finalizer" daemon [_thread_blocked, id=11996, stack(0x0000001508100000,0x0000001508200000)]
  0x000001a865161800 JavaThread "Reference Handler" daemon [_thread_blocked, id=2784, stack(0x0000001508000000,0x0000001508100000)]
  0x000001a84ef9a800 JavaThread "main" [_thread_blocked, id=7304, stack(0x0000001507400000,0x0000001507500000)]

Other Threads:
=>0x000001a865139800 VMThread [stack: 0x0000001507f00000,0x0000001508000000] [id=14656]

VM state:at safepoint (shutting down)

VM Mutex/Monitor currently owned by a thread:  ([mutex/lock_event])
[0x000001a84ef98820] Threads_lock - owner thread: 0x000001a865139800

heap address: 0x0000000082600000, size: 2010 MB, Compressed Oops mode: 32-bit
Narrow klass base: 0x0000000000000000, Narrow klass shift: 3
Compressed class space size: 1073741824 Address: 0x0000000100000000

Heap:
 PSYoungGen      total 37888K, used 25855K [0x00000000d6200000, 0x00000000d8c00000, 0x0000000100000000)
  eden space 32768K, 63% used [0x00000000d6200000,0x00000000d7647e20,0x00000000d8200000)
  from space 5120K, 99% used [0x00000000d8700000,0x00000000d8bf8060,0x00000000d8c00000)
  to   space 5120K, 0% used [0x00000000d8200000,0x00000000d8200000,0x00000000d8700000)
 ParOldGen       total 86016K, used 29683K [0x0000000082600000, 0x0000000087a00000, 0x00000000d6200000)
  object space 86016K, 34% used [0x0000000082600000,0x00000000842fce88,0x0000000087a00000)
 Metaspace       used 19228K, capacity 20008K, committed 20224K, reserved 1067008K
  class space    used 2582K, capacity 2773K, committed 2816K, reserved 1048576K

Card table byte_map: [0x000001a85fd80000,0x000001a860170000] byte_map_base: 0x000001a85f96d000

Marking Bits: (ParMarkBitMap*) 0x0000000053447fe0
 Begin Bits: [0x000001a860410000, 0x000001a862378000)
 End Bits:   [0x000001a862378000, 0x000001a8642e0000)

Polling page: 0x000001a84f0d0000

CodeCache: size=245760Kb used=6344Kb max_used=6344Kb free=239415Kb
 bounds [0x000001a8509c0000, 0x000001a851000000, 0x000001a85f9c0000]
 total_blobs=2781 nmethods=2036 adapters=657
 compilation: enabled

Compilation events (10 events):
Event: 24.274 Thread 0x000001a867686000 2032       1       javafx.scene.Scene::isFocusDirty (5 bytes)
Event: 24.274 Thread 0x000001a867686000 nmethod 2032 0x000001a850ff2590 code [0x000001a850ff26e0, 0x000001a850ff27f8]
Event: 24.295 Thread 0x000001a867686000 2033       3       java.lang.invoke.MethodHandles::access$000 (4 bytes)
Event: 24.295 Thread 0x000001a867686000 nmethod 2033 0x000001a850ff2850 code [0x000001a850ff29a0, 0x000001a850ff2ad8]
Event: 24.312 Thread 0x000001a867686000 2034       3       javafx.scene.Node::focusSetDirty (25 bytes)
Event: 24.312 Thread 0x000001a867686000 nmethod 2034 0x000001a850ff2b50 code [0x000001a850ff2d40, 0x000001a850ff3880]
Event: 24.312 Thread 0x000001a867686000 2035       3       javafx.scene.Node::invalidateLocalToSceneTransform (15 bytes)
Event: 24.313 Thread 0x000001a867686000 nmethod 2035 0x000001a850ff3c50 code [0x000001a850ff3de0, 0x000001a850ff4310]
Event: 24.314 Thread 0x000001a867686000 2036       3       java.util.concurrent.atomic.AtomicInteger::incrementAndGet (14 bytes)
Event: 24.314 Thread 0x000001a867686000 nmethod 2036 0x000001a850ff44d0 code [0x000001a850ff4620, 0x000001a850ff4778]

GC Heap History (4 events):
Event: 0.823 GC heap before
{Heap before GC invocations=1 (full 0):
 PSYoungGen      total 37888K, used 32768K [0x00000000d6200000, 0x00000000d8c00000, 0x0000000100000000)
  eden space 32768K, 100% used [0x00000000d6200000,0x00000000d8200000,0x00000000d8200000)
  from space 5120K, 0% used [0x00000000d8700000,0x00000000d8700000,0x00000000d8c00000)
  to   space 5120K, 0% used [0x00000000d8200000,0x00000000d8200000,0x00000000d8700000)
 ParOldGen       total 86016K, used 0K [0x0000000082600000, 0x0000000087a00000, 0x00000000d6200000)
  object space 86016K, 0% used [0x0000000082600000,0x0000000082600000,0x0000000087a00000)
 Metaspace       used 11921K, capacity 12256K, committed 12544K, reserved 1060864K
  class space    used 1549K, capacity 1667K, committed 1792K, reserved 1048576K
Event: 0.826 GC heap after
Heap after GC invocations=1 (full 0):
 PSYoungGen      total 37888K, used 3760K [0x00000000d6200000, 0x00000000d8c00000, 0x0000000100000000)
  eden space 32768K, 0% used [0x00000000d6200000,0x00000000d6200000,0x00000000d8200000)
  from space 5120K, 73% used [0x00000000d8200000,0x00000000d85ac060,0x00000000d8700000)
  to   space 5120K, 0% used [0x00000000d8700000,0x00000000d8700000,0x00000000d8c00000)
 ParOldGen       total 86016K, used 16K [0x0000000082600000, 0x0000000087a00000, 0x00000000d6200000)
  object space 86016K, 0% used [0x0000000082600000,0x0000000082604000,0x0000000087a00000)
 Metaspace       used 11921K, capacity 12256K, committed 12544K, reserved 1060864K
  class space    used 1549K, capacity 1667K, committed 1792K, reserved 1048576K
}
Event: 11.269 GC heap before
{Heap before GC invocations=2 (full 0):
 PSYoungGen      total 37888K, used 33959K [0x00000000d6200000, 0x00000000d8c00000, 0x0000000100000000)
  eden space 32768K, 92% used [0x00000000d6200000,0x00000000d7f7de90,0x00000000d8200000)
  from space 5120K, 73% used [0x00000000d8200000,0x00000000d85ac060,0x00000000d8700000)
  to   space 5120K, 0% used [0x00000000d8700000,0x00000000d8700000,0x00000000d8c00000)
 ParOldGen       total 86016K, used 16K [0x0000000082600000, 0x0000000087a00000, 0x00000000d6200000)
  object space 86016K, 0% used [0x0000000082600000,0x0000000082604000,0x0000000087a00000)
 Metaspace       used 18070K, capacity 18792K, committed 19072K, reserved 1064960K
  class space    used 2419K, capacity 2609K, committed 2688K, reserved 1048576K
Event: 11.282 GC heap after
Heap after GC invocations=2 (full 0):
 PSYoungGen      total 37888K, used 5088K [0x00000000d6200000, 0x00000000d8c00000, 0x0000000100000000)
  eden space 32768K, 0% used [0x00000000d6200000,0x00000000d6200000,0x00000000d8200000)
  from space 5120K, 99% used [0x00000000d8700000,0x00000000d8bf8060,0x00000000d8c00000)
  to   space 5120K, 0% used [0x00000000d8200000,0x00000000d8200000,0x00000000d8700000)
 ParOldGen       total 86016K, used 29683K [0x0000000082600000, 0x0000000087a00000, 0x00000000d6200000)
  object space 86016K, 34% used [0x0000000082600000,0x00000000842fce88,0x0000000087a00000)
 Metaspace       used 18070K, capacity 18792K, committed 19072K, reserved 1064960K
  class space    used 2419K, capacity 2609K, committed 2688K, reserved 1048576K
}

Deoptimization events (10 events):
Event: 11.323 Thread 0x000001a86f74a800 Uncommon trap: reason=unstable_if action=reinterpret pc=0x000001a850ee8fcc method=com.sun.javafx.image.impl.IntTo4ByteSameConverter.doConvert([III[BIIII)V @ 29
Event: 22.568 Thread 0x000001a867b14000 Uncommon trap: reason=unstable_if action=reinterpret pc=0x000001a850e63e2c method=java.lang.ClassLoader.checkName(Ljava/lang/String;)Z @ 20
Event: 22.580 Thread 0x000001a867b14000 Uncommon trap: reason=class_check action=maybe_recompile pc=0x000001a850f53978 method=javafx.scene.Node.updateLocalToParentTransform()V @ 327
Event: 22.584 Thread 0x000001a867b14000 Uncommon trap: reason=class_check action=maybe_recompile pc=0x000001a850ddb370 method=java.io.FilterInputStream.read()I @ 4
Event: 22.584 Thread 0x000001a867b14000 Uncommon trap: reason=class_check action=maybe_recompile pc=0x000001a850ddb370 method=java.io.FilterInputStream.read()I @ 4
Event: 22.584 Thread 0x000001a867b14000 Uncommon trap: reason=class_check action=maybe_recompile pc=0x000001a850ddb370 method=java.io.FilterInputStream.read()I @ 4
Event: 22.584 Thread 0x000001a867b14000 Uncommon trap: reason=class_check action=maybe_recompile pc=0x000001a850ddb370 method=java.io.FilterInputStream.read()I @ 4
Event: 22.610 Thread 0x000001a867b14000 Uncommon trap: reason=class_check action=maybe_recompile pc=0x000001a850f53978 method=javafx.scene.Node.updateLocalToParentTransform()V @ 327
Event: 22.610 Thread 0x000001a867b14000 Uncommon trap: reason=class_check action=maybe_recompile pc=0x000001a850f53978 method=javafx.scene.Node.updateLocalToParentTransform()V @ 327
Event: 22.610 Thread 0x000001a867b14000 Uncommon trap: reason=class_check action=maybe_recompile pc=0x000001a850f53978 method=javafx.scene.Node.updateLocalToParentTransform()V @ 327

Classes redefined (0 events):
No events

Internal exceptions (10 events):
Event: 0.591 Thread 0x000001a867b14000 Exception <a 'java/lang/NullPointerException'> (0x00000000d73d72b8) thrown at [C:\jenkins\workspace\8-2-build-windows-amd64-cygwin\jdk8u271\605\hotspot\src\share\vm\prims\jvm.cpp, line 1516]
Event: 0.645 Thread 0x000001a867b14000 Exception <a 'java/lang/ArrayIndexOutOfBoundsException'> (0x00000000d7715768) thrown at [C:\jenkins\workspace\8-2-build-windows-amd64-cygwin\jdk8u271\605\hotspot\src\share\vm\runtime\sharedRuntime.cpp, line 609]
Event: 0.645 Thread 0x000001a867b14000 Exception <a 'java/lang/ArrayIndexOutOfBoundsException'> (0x00000000d7717b38) thrown at [C:\jenkins\workspace\8-2-build-windows-amd64-cygwin\jdk8u271\605\hotspot\src\share\vm\runtime\sharedRuntime.cpp, line 609]
Event: 0.645 Thread 0x000001a867b14000 Exception <a 'java/lang/ArrayIndexOutOfBoundsException'> (0x00000000d77199e0) thrown at [C:\jenkins\workspace\8-2-build-windows-amd64-cygwin\jdk8u271\605\hotspot\src\share\vm\runtime\sharedRuntime.cpp, line 609]
Event: 0.792 Thread 0x000001a867b14000 Exception <a 'java/lang/ArrayIndexOutOfBoundsException'> (0x00000000d8047b90) thrown at [C:\jenkins\workspace\8-2-build-windows-amd64-cygwin\jdk8u271\605\hotspot\src\share\vm\runtime\sharedRuntime.cpp, line 609]
Event: 0.870 Thread 0x000001a867b14000 Implicit null exception at 0x000001a850d018f5 to 0x000001a850d01b11
Event: 1.004 Thread 0x000001a867b14000 Exception <a 'java/io/FileNotFoundException'> (0x00000000d697ee00) thrown at [C:\jenkins\workspace\8-2-build-windows-amd64-cygwin\jdk8u271\605\hotspot\src\share\vm\prims\jni.cpp, line 710]
Event: 4.448 Thread 0x000001a867b14000 Exception <a 'java/io/FileNotFoundException'> (0x00000000d731df90) thrown at [C:\jenkins\workspace\8-2-build-windows-amd64-cygwin\jdk8u271\605\hotspot\src\share\vm\prims\jni.cpp, line 710]
Event: 4.484 Thread 0x000001a867b14000 Exception <a 'java/io/FileNotFoundException'> (0x00000000d739ca60) thrown at [C:\jenkins\workspace\8-2-build-windows-amd64-cygwin\jdk8u271\605\hotspot\src\share\vm\prims\jni.cpp, line 710]
Event: 24.313 Thread 0x000001a86fdd2000 Exception <a 'java/lang/IllegalStateException'> (0x00000000d75fc738) thrown at [C:\jenkins\workspace\8-2-build-windows-amd64-cygwin\jdk8u271\605\hotspot\src\share\vm\prims\jvm.cpp, line 1516]

Events (10 events):
Event: 24.313 Thread 0x000001a86fdd7000 Thread added: 0x000001a86fdd7000
Event: 24.313 loading class com/sun/javafx/tk/quantum/QuantumToolkit
Event: 24.313 loading class com/sun/javafx/tk/quantum/QuantumToolkit done
Event: 24.314 Thread 0x000001a86fdd2000 Thread exited: 0x000001a86fdd2000
Event: 24.316 Executing VM operation: RevokeBias
Event: 24.317 Executing VM operation: RevokeBias done
Event: 24.317 Thread 0x000001a8681b1000 Thread exited: 0x000001a8681b1000
Event: 24.325 Thread 0x000001a867a74800 Thread exited: 0x000001a867a74800
Event: 24.414 Thread 0x000001a86fdd6800 Thread exited: 0x000001a86fdd6800
Event: 24.414 Executing VM operation: Exit


Dynamic libraries:
0x00007ff6ed190000 - 0x00007ff6ed1d7000 	C:\Program Files\Java\jdk1.8.0_271\bin\java.exe
0x00007ff940b30000 - 0x00007ff940d25000 	C:\WINDOWS\SYSTEM32\ntdll.dll
0x00007ff93efc0000 - 0x00007ff93f07e000 	C:\WINDOWS\System32\KERNEL32.DLL
0x00007ff93e830000 - 0x00007ff93eaf9000 	C:\WINDOWS\System32\KERNELBASE.dll
0x00007ff9401e0000 - 0x00007ff94028c000 	C:\WINDOWS\System32\ADVAPI32.dll
0x00007ff93f390000 - 0x00007ff93f42e000 	C:\WINDOWS\System32\msvcrt.dll
0x00007ff93eda0000 - 0x00007ff93ee3b000 	C:\WINDOWS\System32\sechost.dll
0x00007ff940890000 - 0x00007ff9409ba000 	C:\WINDOWS\System32\RPCRT4.dll
0x00007ff93ebf0000 - 0x00007ff93ed91000 	C:\WINDOWS\System32\USER32.dll
0x00007ff93e5f0000 - 0x00007ff93e612000 	C:\WINDOWS\System32\win32u.dll
0x00007ff940000000 - 0x00007ff94002b000 	C:\WINDOWS\System32\GDI32.dll
0x00007ff93e4e0000 - 0x00007ff93e5eb000 	C:\WINDOWS\System32\gdi32full.dll
0x00007ff93e440000 - 0x00007ff93e4dd000 	C:\WINDOWS\System32\msvcp_win.dll
0x00007ff93e680000 - 0x00007ff93e780000 	C:\WINDOWS\System32\ucrtbase.dll
0x00007ff93d650000 - 0x00007ff93d8ea000 	C:\WINDOWS\WinSxS\amd64_microsoft.windows.common-controls_6595b64144ccf1df_6.0.19041.1110_none_60b5254171f9507e\COMCTL32.dll
0x00007ff940860000 - 0x00007ff940890000 	C:\WINDOWS\System32\IMM32.DLL
0x00007ff91b6f0000 - 0x00007ff91b705000 	C:\Program Files\Java\jdk1.8.0_271\jre\bin\vcruntime140.dll
0x00007ff91b1e0000 - 0x00007ff91b27b000 	C:\Program Files\Java\jdk1.8.0_271\jre\bin\msvcp140.dll
0x0000000052c50000 - 0x00000000534bf000 	C:\Program Files\Java\jdk1.8.0_271\jre\bin\server\jvm.dll
0x00007ff93eb80000 - 0x00007ff93eb88000 	C:\WINDOWS\System32\PSAPI.DLL
0x00007ff91fd60000 - 0x00007ff91fd87000 	C:\WINDOWS\SYSTEM32\WINMM.dll
0x00007ff9270e0000 - 0x00007ff9270e9000 	C:\WINDOWS\SYSTEM32\WSOCK32.dll
0x00007ff935a40000 - 0x00007ff935a4a000 	C:\WINDOWS\SYSTEM32\VERSION.dll
0x00007ff940290000 - 0x00007ff9402fb000 	C:\WINDOWS\System32\WS2_32.dll
0x00007ff93c440000 - 0x00007ff93c452000 	C:\WINDOWS\SYSTEM32\kernel.appcore.dll
0x00007ff91b6e0000 - 0x00007ff91b6f0000 	C:\Program Files\Java\jdk1.8.0_271\jre\bin\verify.dll
0x00007ff91b6b0000 - 0x00007ff91b6db000 	C:\Program Files\Java\jdk1.8.0_271\jre\bin\java.dll
0x00007ff92a680000 - 0x00007ff92a6b0000 	C:\Program Files\Java\jdk1.8.0_271\jre\bin\instrument.dll
0x00007ff91b690000 - 0x00007ff91b6a8000 	C:\Program Files\Java\jdk1.8.0_271\jre\bin\zip.dll
0x00007ff93f8c0000 - 0x00007ff93ffff000 	C:\WINDOWS\System32\SHELL32.dll
0x00007ff93bca0000 - 0x00007ff93c430000 	C:\WINDOWS\SYSTEM32\windows.storage.dll
0x00007ff940360000 - 0x00007ff9406b5000 	C:\WINDOWS\System32\combase.dll
0x00007ff93d530000 - 0x00007ff93d55c000 	C:\WINDOWS\SYSTEM32\Wldp.dll
0x00007ff93f250000 - 0x00007ff93f2fd000 	C:\WINDOWS\System32\SHCORE.dll
0x00007ff93ef60000 - 0x00007ff93efb5000 	C:\WINDOWS\System32\shlwapi.dll
0x00007ff93e190000 - 0x00007ff93e1af000 	C:\WINDOWS\SYSTEM32\profapi.dll
0x00007ff937350000 - 0x00007ff93736a000 	C:\Program Files\IntelliJ IDEA 2020.3\bin\breakgen64.dll
0x00007ff9340d0000 - 0x00007ff9340ec000 	C:\Program Files\Java\jdk1.8.0_271\jre\bin\net.dll
0x00007ff93d440000 - 0x00007ff93d4aa000 	C:\WINDOWS\system32\mswsock.dll
0x000001a84f150000 - 0x000001a84f153000 	C:\Program Files\Java\jdk1.8.0_271\jre\bin\api-ms-win-core-console-l1-1-0.dll
0x000001a84f160000 - 0x000001a84f163000 	C:\Program Files\Java\jdk1.8.0_271\jre\bin\api-ms-win-core-console-l1-2-0.dll
0x000001a84f170000 - 0x000001a84f173000 	C:\Program Files\Java\jdk1.8.0_271\jre\bin\api-ms-win-core-datetime-l1-1-0.dll
0x000001a84f180000 - 0x000001a84f183000 	C:\Program Files\Java\jdk1.8.0_271\jre\bin\api-ms-win-core-debug-l1-1-0.dll
0x000001a84f190000 - 0x000001a84f193000 	C:\Program Files\Java\jdk1.8.0_271\jre\bin\api-ms-win-core-errorhandling-l1-1-0.dll
0x000001a84f1a0000 - 0x000001a84f1a4000 	C:\Program Files\Java\jdk1.8.0_271\jre\bin\api-ms-win-core-file-l1-1-0.dll
0x000001a84f1b0000 - 0x000001a84f1b3000 	C:\Program Files\Java\jdk1.8.0_271\jre\bin\api-ms-win-core-file-l1-2-0.dll
0x000001a84f1c0000 - 0x000001a84f1c3000 	C:\Program Files\Java\jdk1.8.0_271\jre\bin\api-ms-win-core-file-l2-1-0.dll
0x000001a84f1d0000 - 0x000001a84f1d3000 	C:\Program Files\Java\jdk1.8.0_271\jre\bin\api-ms-win-core-handle-l1-1-0.dll
0x000001a84f1e0000 - 0x000001a84f1e3000 	C:\Program Files\Java\jdk1.8.0_271\jre\bin\api-ms-win-core-heap-l1-1-0.dll
0x000001a84f1f0000 - 0x000001a84f1f3000 	C:\Program Files\Java\jdk1.8.0_271\jre\bin\api-ms-win-core-interlocked-l1-1-0.dll
0x000001a84f200000 - 0x000001a84f203000 	C:\Program Files\Java\jdk1.8.0_271\jre\bin\api-ms-win-core-libraryloader-l1-1-0.dll
0x000001a8681e0000 - 0x000001a8681e3000 	C:\Program Files\Java\jdk1.8.0_271\jre\bin\api-ms-win-core-localization-l1-2-0.dll
0x000001a8681f0000 - 0x000001a8681f3000 	C:\Program Files\Java\jdk1.8.0_271\jre\bin\api-ms-win-core-memory-l1-1-0.dll
0x000001a868200000 - 0x000001a868203000 	C:\Program Files\Java\jdk1.8.0_271\jre\bin\api-ms-win-core-namedpipe-l1-1-0.dll
0x000001a868210000 - 0x000001a868213000 	C:\Program Files\Java\jdk1.8.0_271\jre\bin\api-ms-win-core-processenvironment-l1-1-0.dll
0x000001a868220000 - 0x000001a868223000 	C:\Program Files\Java\jdk1.8.0_271\jre\bin\api-ms-win-core-processthreads-l1-1-0.dll
0x000001a868230000 - 0x000001a868233000 	C:\Program Files\Java\jdk1.8.0_271\jre\bin\api-ms-win-core-processthreads-l1-1-1.dll
0x000001a868240000 - 0x000001a868243000 	C:\Program Files\Java\jdk1.8.0_271\jre\bin\api-ms-win-core-profile-l1-1-0.dll
0x000001a868250000 - 0x000001a868253000 	C:\Program Files\Java\jdk1.8.0_271\jre\bin\api-ms-win-core-rtlsupport-l1-1-0.dll
0x000001a868260000 - 0x000001a868263000 	C:\Program Files\Java\jdk1.8.0_271\jre\bin\api-ms-win-core-string-l1-1-0.dll
0x000001a868270000 - 0x000001a868273000 	C:\Program Files\Java\jdk1.8.0_271\jre\bin\api-ms-win-core-synch-l1-1-0.dll
0x000001a868280000 - 0x000001a868283000 	C:\Program Files\Java\jdk1.8.0_271\jre\bin\api-ms-win-core-synch-l1-2-0.dll
0x000001a868290000 - 0x000001a868293000 	C:\Program Files\Java\jdk1.8.0_271\jre\bin\api-ms-win-core-sysinfo-l1-1-0.dll
0x000001a8682a0000 - 0x000001a8682a3000 	C:\Program Files\Java\jdk1.8.0_271\jre\bin\api-ms-win-core-timezone-l1-1-0.dll
0x000001a8682b0000 - 0x000001a8682b3000 	C:\Program Files\Java\jdk1.8.0_271\jre\bin\api-ms-win-core-util-l1-1-0.dll
0x000001a8682c0000 - 0x000001a8682c3000 	C:\Program Files\Java\jdk1.8.0_271\jre\bin\api-ms-win-crt-conio-l1-1-0.dll
0x000001a8682d0000 - 0x000001a8682d4000 	C:\Program Files\Java\jdk1.8.0_271\jre\bin\api-ms-win-crt-convert-l1-1-0.dll
0x000001a8682e0000 - 0x000001a8682e3000 	C:\Program Files\Java\jdk1.8.0_271\jre\bin\api-ms-win-crt-environment-l1-1-0.dll
0x000001a8682f0000 - 0x000001a8682f3000 	C:\Program Files\Java\jdk1.8.0_271\jre\bin\api-ms-win-crt-filesystem-l1-1-0.dll
0x000001a868300000 - 0x000001a868303000 	C:\Program Files\Java\jdk1.8.0_271\jre\bin\api-ms-win-crt-heap-l1-1-0.dll
0x000001a868310000 - 0x000001a868313000 	C:\Program Files\Java\jdk1.8.0_271\jre\bin\api-ms-win-crt-locale-l1-1-0.dll
0x000001a868320000 - 0x000001a868325000 	C:\Program Files\Java\jdk1.8.0_271\jre\bin\api-ms-win-crt-math-l1-1-0.dll
0x000001a868330000 - 0x000001a868335000 	C:\Program Files\Java\jdk1.8.0_271\jre\bin\api-ms-win-crt-multibyte-l1-1-0.dll
0x000001a868340000 - 0x000001a868350000 	C:\Program Files\Java\jdk1.8.0_271\jre\bin\api-ms-win-crt-private-l1-1-0.dll
0x000001a868350000 - 0x000001a868353000 	C:\Program Files\Java\jdk1.8.0_271\jre\bin\api-ms-win-crt-process-l1-1-0.dll
0x000001a868360000 - 0x000001a868364000 	C:\Program Files\Java\jdk1.8.0_271\jre\bin\api-ms-win-crt-runtime-l1-1-0.dll
0x000001a868370000 - 0x000001a868374000 	C:\Program Files\Java\jdk1.8.0_271\jre\bin\api-ms-win-crt-stdio-l1-1-0.dll
0x000001a868380000 - 0x000001a868384000 	C:\Program Files\Java\jdk1.8.0_271\jre\bin\api-ms-win-crt-string-l1-1-0.dll
0x000001a868390000 - 0x000001a868393000 	C:\Program Files\Java\jdk1.8.0_271\jre\bin\api-ms-win-crt-time-l1-1-0.dll
0x000001a8683a0000 - 0x000001a8683a3000 	C:\Program Files\Java\jdk1.8.0_271\jre\bin\api-ms-win-crt-utility-l1-1-0.dll
0x00007ff904bf0000 - 0x00007ff904cea000 	C:\Program Files\Java\jdk1.8.0_271\jre\bin\ucrtbase.dll
0x00007ff91e600000 - 0x00007ff91e60c000 	C:\Windows\System32\vcruntime140_1.dll
0x00007ff92a650000 - 0x00007ff92a673000 	C:\Program Files\Java\jdk1.8.0_271\jre\bin\prism_d3d.dll
0x00007ff935640000 - 0x00007ff93580e000 	C:\WINDOWS\system32\d3d9.dll
0x00007ff93b170000 - 0x00007ff93b19f000 	C:\WINDOWS\SYSTEM32\dwmapi.dll
0x00007ff93aed0000 - 0x00007ff93af6e000 	C:\WINDOWS\system32\uxtheme.dll
0x00007ff9309a0000 - 0x00007ff930ac0000 	C:\WINDOWS\System32\DriverStore\FileRepository\iigd_dch.inf_amd64_7d6ad0397c5dc3fd\igdgmm64.dll
0x00007ff8f8180000 - 0x00007ff8fbd91000 	C:\WINDOWS\System32\DriverStore\FileRepository\iigd_dch.inf_amd64_7d6ad0397c5dc3fd\igd9dxva64.dll
0x00007ff9406c0000 - 0x00007ff9407ea000 	C:\WINDOWS\System32\OLE32.dll
0x00007ff93f180000 - 0x00007ff93f24d000 	C:\WINDOWS\System32\OLEAUT32.dll
0x00007ff92a600000 - 0x00007ff92a645000 	C:\Program Files\Java\jdk1.8.0_271\jre\bin\glass.dll
0x00007ff93f0a0000 - 0x00007ff93f17a000 	C:\WINDOWS\System32\COMDLG32.dll
0x00007ff93ee40000 - 0x00007ff93ef55000 	C:\WINDOWS\System32\MSCTF.dll
0x00007ff93e250000 - 0x00007ff93e2d3000 	C:\WINDOWS\System32\bcryptPrimitives.dll
0x00007ff9329c0000 - 0x00007ff9329fb000 	C:\WINDOWS\SYSTEM32\dxcore.dll
0x00007ff93eb30000 - 0x00007ff93eb7e000 	C:\WINDOWS\System32\cfgmgr32.dll
0x00007ff932740000 - 0x00007ff932754000 	C:\Program Files\Java\jdk1.8.0_271\jre\bin\javafx_font.dll
0x00007ff92c250000 - 0x00007ff92c4d3000 	C:\WINDOWS\SYSTEM32\dwrite.dll
0x00007ff9409c0000 - 0x00007ff940a69000 	C:\WINDOWS\System32\clbcatq.dll
0x00007ff9350b0000 - 0x00007ff935264000 	C:\WINDOWS\SYSTEM32\WindowsCodecs.dll
0x00007ff93eb00000 - 0x00007ff93eb27000 	C:\WINDOWS\System32\bcrypt.dll
0x00007ff928fc0000 - 0x00007ff928ffe000 	C:\WINDOWS\system32\dataexchange.dll
0x00007ff9393b0000 - 0x00007ff939614000 	C:\WINDOWS\system32\d3d11.dll
0x00007ff93a1a0000 - 0x00007ff93a385000 	C:\WINDOWS\system32\dcomp.dll
0x00007ff93c5d0000 - 0x00007ff93c6c4000 	C:\WINDOWS\system32\dxgi.dll
0x00007ff935d50000 - 0x00007ff935f51000 	C:\WINDOWS\system32\twinapi.appcore.dll
0x00007ff92a5c0000 - 0x00007ff92a5f4000 	C:\Program Files\Common Files\Microsoft Shared\Ink\rtscom.dll
0x00007ff931fb0000 - 0x00007ff9320a9000 	C:\WINDOWS\SYSTEM32\textinputframework.dll
0x00007ff93a710000 - 0x00007ff93aa6e000 	C:\WINDOWS\System32\CoreUIComponents.dll
0x00007ff93aa70000 - 0x00007ff93ab62000 	C:\WINDOWS\System32\CoreMessaging.dll
0x00007ff93deb0000 - 0x00007ff93dee3000 	C:\WINDOWS\SYSTEM32\ntmarta.dll
0x00007ff93a040000 - 0x00007ff93a194000 	C:\WINDOWS\SYSTEM32\wintypes.dll
0x00007ff93b7f0000 - 0x00007ff93b856000 	C:\WINDOWS\system32\Oleacc.dll
0x00007ff92cce0000 - 0x00007ff92ccf2000 	C:\Program Files\Java\jdk1.8.0_271\jre\bin\prism_common.dll
0x00007ff9173c0000 - 0x00007ff917554000 	C:\Program Files\Java\jdk1.8.0_271\jre\bin\awt.dll
0x00007ff93acb0000 - 0x00007ff93ad40000 	C:\WINDOWS\SYSTEM32\apphelp.dll
0x00007ff91a1e0000 - 0x00007ff91a305000 	C:\WINDOWS\system32\opengl32.dll
0x00007ff932310000 - 0x00007ff93233c000 	C:\WINDOWS\SYSTEM32\GLU32.dll
0x00007ff9368a0000 - 0x00007ff93690a000 	C:\WINDOWS\system32\Ninput.dll
0x00007ff93dbf0000 - 0x00007ff93ddd4000 	C:\WINDOWS\SYSTEM32\dbghelp.dll

VM Arguments:
jvm_args: -javaagent:C:\Program Files\IntelliJ IDEA 2020.3\lib\idea_rt.jar=54816:C:\Program Files\IntelliJ IDEA 2020.3\bin -Dfile.encoding=UTF-8 
java_command: sample.Main
java_class_path (initial): C:\Program Files\Java\jdk1.8.0_271\jre\lib\charsets.jar;C:\Program Files\Java\jdk1.8.0_271\jre\lib\deploy.jar;C:\Program Files\Java\jdk1.8.0_271\jre\lib\ext\access-bridge-64.jar;C:\Program Files\Java\jdk1.8.0_271\jre\lib\ext\cldrdata.jar;C:\Program Files\Java\jdk1.8.0_271\jre\lib\ext\dnsns.jar;C:\Program Files\Java\jdk1.8.0_271\jre\lib\ext\jaccess.jar;C:\Program Files\Java\jdk1.8.0_271\jre\lib\ext\jfxrt.jar;C:\Program Files\Java\jdk1.8.0_271\jre\lib\ext\localedata.jar;C:\Program Files\Java\jdk1.8.0_271\jre\lib\ext\nashorn.jar;C:\Program Files\Java\jdk1.8.0_271\jre\lib\ext\sunec.jar;C:\Program Files\Java\jdk1.8.0_271\jre\lib\ext\sunjce_provider.jar;C:\Program Files\Java\jdk1.8.0_271\jre\lib\ext\sunmscapi.jar;C:\Program Files\Java\jdk1.8.0_271\jre\lib\ext\sunpkcs11.jar;C:\Program Files\Java\jdk1.8.0_271\jre\lib\ext\zipfs.jar;C:\Program Files\Java\jdk1.8.0_271\jre\lib\javaws.jar;C:\Program Files\Java\jdk1.8.0_271\jre\lib\jce.jar;C:\Program Files\Java\jdk1.8.0_271\jre\lib\jfr.jar;C:\Program Files\Java\jdk1.8.0_271\jre\lib\jfxswt.jar;C:\Program Files\Java\jdk1.8.0_271\jre\lib\jsse.jar;C:\Program Files\Java\jdk1.8.0_271\jre\lib\management-agent.jar;C:\Program Files\Java\jdk1.8.0_271\jre\lib\plugin.jar;C:\Program Files\Java\jdk1.8.0_271\jre\lib\resources.jar;C:\Program Files\Java\jdk1.8.0_271\jre\lib\rt.jar;D:\Others\Unmochon All Codes\unmochon_source_code\out\production\protibadiJfx;D:\Others\Unmochon All Codes\unmochon_source_code\jar_files.zip;D:\Others\Unmochon All Codes\unmochon_source_code\jds-3.2.0.jar;D:\Others\Unmochon All Codes\unmochon_source_code\json-simple-1.1.jar;D:\Others\Unmochon All Codes\unmochon_source_code\mysql-connector-java-5.1.45-bin.jar;D:\Others\Unmochon All Codes\unmochon_source_code\out\artifacts\protibadiJfx_jar2\protibadiJfx.zip;D:\Others\Unmochon All Codes\unmochon_source_code\out\artifacts\protibadiJfx_jar2\protibadiJfx.jar;D:\Others\Unmochon All Codes\unmochon_source_code\selenium-server-standalone-3.141.59.jar
Launcher Type: SUN_STANDARD

Environment Variables:
PATH=C:\Program Files (x86)\Razer Chroma SDK\bin;C:\Program Files\Razer Chroma SDK\bin;C:\Program Files (x86)\Razer\ChromaBroadcast\bin;C:\Program Files\Razer\ChromaBroadcast\bin;C:\Python39\Scripts\;C:\Python39\;C:\ProgramData\Oracle\Java\javapath;C:\Program Files (x86)\Common Files\Oracle\Java\javapath;C:\Windows\system32;C:\Windows;C:\Windows\System32\Wbem;C:\Windows\System32\WindowsPowerShell\v1.0\;C:\Windows\System32\OpenSSH\;C:\Program Files (x86)\NVIDIA Corporation\PhysX\Common;C:\Program Files\NVIDIA Corporation\NVIDIA NvDLISR;C:\WINDOWS\system32;C:\WINDOWS;C:\WINDOWS\System32\Wbem;C:\WINDOWS\System32\WindowsPowerShell\v1.0\;C:\WINDOWS\System32\OpenSSH\;C:\opt\apache-maven-3.6.3\bin;C:\Program Files\Git\bin\;C:\Program Files\Git\cmd\;C:\Program Files\nodejs\;C:\ProgramData\chocolatey\bin;C:\Program Files\Redis;D:\Software\ELK_Stack\logstash-7.13.2\bin;D:\Software\ELK_Stack\elasticsearch-7.13.2\bin;D:\Software\ELK_Stack\kibana-7.13.2-windows-x86_64\bin;;C:\Program Files\Kubernetes\Minikube;;C:\WINDOWS\system32\config\systemprofile\AppData\Local\Microsoft\WindowsApps;;C:\Program Files\Docker\Docker\resources\bin;C:\ProgramData\DockerDesktop\version-bin;%USERPROFILE%\AppData\Local\Microsoft\WindowsApps;%IntelliJ IDEA%;%PhpStorm%;C:\Program Files (x86)\SSH Communications Security\SSH Secure Shell;C:\Users\Hridoy\AppData\Roaming\npm;C:\Users\Hridoy\AppData\Local\Programs\Microsoft VS Code\bin;%WebStorm%;C:\xampp\php;C:\Users\Hridoy\AppData\Roaming\Composer\vendor\bin;C:\Users\Hridoy\AppData\Local\Hyper\app-3.0.2\resources\bin;C:\Users\Hridoy\AppData\Local\Programs\Hyper\resources\bin
USERNAME=Hridoy
OS=Windows_NT
PROCESSOR_IDENTIFIER=Intel64 Family 6 Model 158 Stepping 10, GenuineIntel



---------------  S Y S T E M  ---------------

OS: Windows 10.0 , 64 bit Build 19041 (10.0.19041.1202)

CPU:total 12 (initial active 12) (6 cores per cpu, 2 threads per core) family 6 model 158 stepping 10, cmov, cx8, fxsr, mmx, sse, sse2, sse3, ssse3, sse4.1, sse4.2, popcnt, avx, avx2, aes, clmul, erms, 3dnowpref, lzcnt, ht, tsc, tscinvbit, bmi1, bmi2, adx

Memory: 4k page, physical 8227444k(751972k free), swap 22383220k(8712364k free)

vm_info: Java HotSpot(TM) 64-Bit Server VM (25.271-b09) for windows-amd64 JRE (1.8.0_271-b09), built on Sep 16 2020 19:14:59 by "" with MS VC++ 15.9 (VS2017)

time: Sat Oct 30 12:46:42 2021
timezone: Bangladesh Standard Time
elapsed time: 25.129154 seconds (0d 0h 0m 25s)

