#
# A fatal error has been detected by the Java Runtime Environment:
#
#  EXCEPTION_ACCESS_VIOLATION (0xc0000005) at pc=0x00007ffe2dca6580, pid=22580, tid=0x00000000000085a4
#
# JRE version: Java(TM) SE Runtime Environment (8.0_271-b09) (build 1.8.0_271-b09)
# Java VM: Java HotSpot(TM) 64-Bit Server VM (25.271-b09 mixed mode windows-amd64 compressed oops)
# Problematic frame:
# C  [glass.dll+0x26580]
#
# Failed to write core dump. Minidumps are not enabled by default on client versions of Windows
#
# If you would like to submit a bug report, please visit:
#   http://bugreport.java.com/bugreport/crash.jsp
#

---------------  T H R E A D  ---------------

Current thread (0x0000023a54769000):  VMThread [stack: 0x000000bd40a00000,0x000000bd40b00000] [id=34212]

siginfo: ExceptionCode=0xc0000005, reading address 0x0000000000000000

Registers:
RAX=0x0000000000000000, RBX=0x0000023a56e55d98, RCX=0x0000023a54769000, RDX=0x0000000070f316b0
RSP=0x000000bd40afedf0, RBP=0x0000023a57101338, RSI=0x0000023a57101310, RDI=0x0000403b3d117a8f
R8 =0x0000000000010002, R9 =0x0000403b3d117a8f, R10=0x0000000000008000, R11=0x000000bd40afed90
R12=0x00007ffe2dca39e4, R13=0x0000023a3e5babb0, R14=0x000000bd40afeef8, R15=0x0000023a57101310
RIP=0x00007ffe2dca6580, EFLAGS=0x0000000000010206

Top of Stack: (sp=0x000000bd40afedf0)
0x000000bd40afedf0:   0000000000000000 00007ffe5bd9f05b
0x000000bd40afee00:   0000023a57101320 0000023a57101310
0x000000bd40afee10:   fffffffffffffffe 00007ffe2dca39e4
0x000000bd40afee20:   0000023a57101318 00007ffe5bda42d6
0x000000bd40afee30:   0000023a57101320 0000023a00000000
0x000000bd40afee40:   0000023a57101338 0000023a57101310
0x000000bd40afee50:   fffffffffffffffe 0000000000000000
0x000000bd40afee60:   0000000000000001 00007ffe2dc80000
0x000000bd40afee70:   000000bd40afeee8 00007ffe5bda41fb
0x000000bd40afee80:   0000000000000000 000000bd40afeef8
0x000000bd40afee90:   000000bd40aff1b0 00007ffe5be80e40
0x000000bd40afeea0:   0000000000000000 00007ffe5bda41b4
0x000000bd40afeeb0:   0000000000000000 0000000000000001
0x000000bd40afeec0:   00007ffe5c5cc000 000000bd40afeee8
0x000000bd40afeed0:   0000000000000000 00007ffe2dca3872
0x000000bd40afeee0:   00007ffe2dcbd128 00007ffe00000002 

Instructions: (pc=0x00007ffe2dca6580)
0x00007ffe2dca6560:   40 53 48 83 ec 30 48 c7 44 24 20 fe ff ff ff 48
0x00007ffe2dca6570:   8b 1d aa 65 01 00 48 85 db 74 16 e8 f0 85 ff ff
0x00007ffe2dca6580:   4c 8b 00 48 8b d3 48 8b c8 41 ff 90 b0 00 00 00
0x00007ffe2dca6590:   90 48 83 c4 30 5b c3 cc cc cc cc cc cc cc cc cc 


Register to memory mapping:

RAX=0x0000000000000000 is an unknown value
RBX=0x0000023a56e55d98 is a global jni handle
RCX=0x0000023a54769000 is an unknown value
RDX=0x0000000070f316b0 is an unknown value
RSP=0x000000bd40afedf0 is an unknown value
RBP=0x0000023a57101338 is an unknown value
RSI=0x0000023a57101310 is an unknown value
RDI=0x0000403b3d117a8f is an unknown value
R8 =0x0000000000010002 is an unknown value
R9 =0x0000403b3d117a8f is an unknown value
R10=0x0000000000008000 is an unknown value
R11=0x000000bd40afed90 is an unknown value
R12=0x00007ffe2dca39e4 is an unknown value
R13=0x0000023a3e5babb0 is an unknown value
R14=0x000000bd40afeef8 is an unknown value
R15=0x0000023a57101310 is an unknown value


Stack: [0x000000bd40a00000,0x000000bd40b00000],  sp=0x000000bd40afedf0,  free space=1019k
Native frames: (J=compiled Java code, j=interpreted, Vv=VM code, C=native code)
C  [glass.dll+0x26580]
C  [ucrtbase.dll+0x142d6]
C  [ucrtbase.dll+0x141fb]
C  [ucrtbase.dll+0x141b4]
C  [glass.dll+0x23872]
C  [glass.dll+0x23998]
C  [ntdll.dll+0x19a1d]
C  [ntdll.dll+0x5db91]
C  [ntdll.dll+0x5da2d]
C  [KERNEL32.DLL+0x1e0ab]
C  [ucrtbase.dll+0x205bc]
C  [ucrtbase.dll+0x2045f]
V  [jvm.dll+0x21b365]
V  [jvm.dll+0x255ff6]
V  [jvm.dll+0x256557]
V  [jvm.dll+0x254cc5]
V  [jvm.dll+0x25543c]
V  [jvm.dll+0x25574c]
V  [jvm.dll+0x2a2dcc]
C  [ucrtbase.dll+0x21bb2]
C  [KERNEL32.DLL+0x17034]
C  [ntdll.dll+0x52651]

VM_Operation (0x000000bd418f8e00): Exit, mode: safepoint, requested by thread 0x0000023a57156800


---------------  P R O C E S S  ---------------

Java Threads: ( => current thread )
  0x0000023a56cd7000 JavaThread "AWT-Shutdown" [_thread_blocked, id=26620, stack(0x000000bd3fe00000,0x000000bd3ff00000)]
  0x0000023a5c89d800 JavaThread "Java2D Disposer" daemon [_thread_blocked, id=13636, stack(0x000000bd42200000,0x000000bd42300000)]
  0x0000023a5c6c7800 JavaThread "Prism Font Disposer" daemon [_thread_blocked, id=7692, stack(0x000000bd42100000,0x000000bd42200000)]
  0x0000023a57372000 JavaThread "Thread-3" daemon [_thread_in_native, id=16892, stack(0x000000bd41c00000,0x000000bd41d00000)]
  0x0000023a572ef800 JavaThread "JavaFX-Launcher" [_thread_blocked, id=14536, stack(0x000000bd41d00000,0x000000bd41e00000)]
  0x0000023a57156800 JavaThread "JavaFX Application Thread" [_thread_blocked, id=35332, stack(0x000000bd41800000,0x000000bd41900000)]
  0x0000023a57155000 JavaThread "Thread-1" daemon [_thread_blocked, id=38952, stack(0x000000bd41700000,0x000000bd41800000)]
  0x0000023a56d82000 JavaThread "Service Thread" daemon [_thread_blocked, id=33352, stack(0x000000bd41400000,0x000000bd41500000)]
  0x0000023a56cd6800 JavaThread "C1 CompilerThread3" daemon [_thread_blocked, id=30716, stack(0x000000bd41300000,0x000000bd41400000)]
  0x0000023a56cc3800 JavaThread "C2 CompilerThread2" daemon [_thread_blocked, id=29184, stack(0x000000bd41200000,0x000000bd41300000)]
  0x0000023a56cc1800 JavaThread "C2 CompilerThread1" daemon [_thread_blocked, id=22184, stack(0x000000bd41100000,0x000000bd41200000)]
  0x0000023a56cbe800 JavaThread "C2 CompilerThread0" daemon [_thread_blocked, id=7724, stack(0x000000bd41000000,0x000000bd41100000)]
  0x0000023a547dd000 JavaThread "Monitor Ctrl-Break" daemon [_thread_in_native, id=9484, stack(0x000000bd40f00000,0x000000bd41000000)]
  0x0000023a547c2000 JavaThread "Attach Listener" daemon [_thread_blocked, id=31676, stack(0x000000bd40e00000,0x000000bd40f00000)]
  0x0000023a547bf000 JavaThread "Signal Dispatcher" daemon [_thread_blocked, id=32564, stack(0x000000bd40d00000,0x000000bd40e00000)]
  0x0000023a54799000 JavaThread "Finalizer" daemon [_thread_blocked, id=18256, stack(0x000000bd40c00000,0x000000bd40d00000)]
  0x0000023a54791800 JavaThread "Reference Handler" daemon [_thread_blocked, id=26136, stack(0x000000bd40b00000,0x000000bd40c00000)]
  0x0000023a3e50b000 JavaThread "main" [_thread_blocked, id=25296, stack(0x000000bd3ff00000,0x000000bd40000000)]

Other Threads:
=>0x0000023a54769000 VMThread [stack: 0x000000bd40a00000,0x000000bd40b00000] [id=34212]

VM state:at safepoint (shutting down)

VM Mutex/Monitor currently owned by a thread:  ([mutex/lock_event])
[0x0000023a3e507fd0] Threads_lock - owner thread: 0x0000023a54769000

heap address: 0x0000000082600000, size: 2010 MB, Compressed Oops mode: 32-bit
Narrow klass base: 0x0000000000000000, Narrow klass shift: 3
Compressed class space size: 1073741824 Address: 0x0000000100000000

Heap:
 PSYoungGen      total 68096K, used 55464K [0x00000000d6200000, 0x00000000dd980000, 0x0000000100000000)
  eden space 29184K, 68% used [0x00000000d6200000,0x00000000d7599af0,0x00000000d7e80000)
  from space 38912K, 90% used [0x00000000d7f00000,0x00000000da1905d0,0x00000000da500000)
  to   space 46592K, 0% used [0x00000000dac00000,0x00000000dac00000,0x00000000dd980000)
 ParOldGen       total 97792K, used 39931K [0x0000000082600000, 0x0000000088580000, 0x00000000d6200000)
  object space 97792K, 40% used [0x0000000082600000,0x0000000084cfec28,0x0000000088580000)
 Metaspace       used 22290K, capacity 23372K, committed 23552K, reserved 1069056K
  class space    used 2967K, capacity 3203K, committed 3328K, reserved 1048576K

Card table byte_map: [0x0000023a4f3b0000,0x0000023a4f7a0000] byte_map_base: 0x0000023a4ef9d000

Marking Bits: (ParMarkBitMap*) 0x0000000071127fe0
 Begin Bits: [0x0000023a4fa40000, 0x0000023a519a8000)
 End Bits:   [0x0000023a519a8000, 0x0000023a53910000)

Polling page: 0x0000023a3e7d0000

CodeCache: size=245760Kb used=10071Kb max_used=10074Kb free=235688Kb
 bounds [0x0000023a3fff0000, 0x0000023a409d0000, 0x0000023a4eff0000]
 total_blobs=3911 nmethods=3140 adapters=683
 compilation: enabled

Compilation events (10 events):
Event: 78.053 Thread 0x0000023a56cd6800 3322       3       javafx.scene.Node$ReadOnlyObjectWrapperManualFire::fireValueChangedEvent (1 bytes)
Event: 78.053 Thread 0x0000023a56cd6800 nmethod 3322 0x0000023a401ec890 code [0x0000023a401ec9e0, 0x0000023a401ecb38]
Event: 78.053 Thread 0x0000023a56cd6800 3323       3       javafx.scene.Node$ReadOnlyObjectWrapperManualFire::fireSuperValueChangedEvent (5 bytes)
Event: 78.054 Thread 0x0000023a56cd6800 nmethod 3323 0x0000023a409a5010 code [0x0000023a409a51c0, 0x0000023a409a57c0]
Event: 78.055 Thread 0x0000023a56cd6800 3324       3       java.lang.invoke.MethodType::changeReturnType (20 bytes)
Event: 78.055 Thread 0x0000023a56cd6800 nmethod 3324 0x0000023a401ec410 code [0x0000023a401ec580, 0x0000023a401ec810]
Event: 78.055 Thread 0x0000023a56cd6800 3325       3       java.util.LinkedList$ListItr::next (56 bytes)
Event: 78.056 Thread 0x0000023a56cd6800 nmethod 3325 0x0000023a401edad0 code [0x0000023a401edc80, 0x0000023a401ee1c0]
Event: 78.056 Thread 0x0000023a56cd6800 3326       3       java.util.LinkedList$ListItr::checkForComodification (23 bytes)
Event: 78.056 Thread 0x0000023a56cd6800 nmethod 3326 0x0000023a401ed5d0 code [0x0000023a401ed740, 0x0000023a401ed9b0]

GC Heap History (10 events):
Event: 43.361 GC heap before
{Heap before GC invocations=5 (full 1):
 PSYoungGen      total 37888K, used 28775K [0x00000000d6200000, 0x00000000d8c00000, 0x0000000100000000)
  eden space 32768K, 87% used [0x00000000d6200000,0x00000000d7e19d90,0x00000000d8200000)
  from space 5120K, 0% used [0x00000000d8200000,0x00000000d8200000,0x00000000d8700000)
  to   space 5120K, 0% used [0x00000000d8700000,0x00000000d8700000,0x00000000d8c00000)
 ParOldGen       total 82432K, used 17558K [0x0000000082600000, 0x0000000087680000, 0x00000000d6200000)
  object space 82432K, 21% used [0x0000000082600000,0x0000000083725a70,0x0000000087680000)
 Metaspace       used 20733K, capacity 21698K, committed 22016K, reserved 1069056K
  class space    used 2766K, capacity 2976K, committed 3072K, reserved 1048576K
Event: 43.366 GC heap after
Heap after GC invocations=5 (full 1):
 PSYoungGen      total 37888K, used 352K [0x00000000d6200000, 0x00000000d8c00000, 0x0000000100000000)
  eden space 32768K, 0% used [0x00000000d6200000,0x00000000d6200000,0x00000000d8200000)
  from space 5120K, 6% used [0x00000000d8700000,0x00000000d8758000,0x00000000d8c00000)
  to   space 5120K, 0% used [0x00000000d8200000,0x00000000d8200000,0x00000000d8700000)
 ParOldGen       total 82432K, used 41980K [0x0000000082600000, 0x0000000087680000, 0x00000000d6200000)
  object space 82432K, 50% used [0x0000000082600000,0x0000000084eff240,0x0000000087680000)
 Metaspace       used 20733K, capacity 21698K, committed 22016K, reserved 1069056K
  class space    used 2766K, capacity 2976K, committed 3072K, reserved 1048576K
}
Event: 46.920 GC heap before
{Heap before GC invocations=6 (full 1):
 PSYoungGen      total 37888K, used 31167K [0x00000000d6200000, 0x00000000d8c00000, 0x0000000100000000)
  eden space 32768K, 94% used [0x00000000d6200000,0x00000000d8017c78,0x00000000d8200000)
  from space 5120K, 6% used [0x00000000d8700000,0x00000000d8758000,0x00000000d8c00000)
  to   space 5120K, 0% used [0x00000000d8200000,0x00000000d8200000,0x00000000d8700000)
 ParOldGen       total 82432K, used 41980K [0x0000000082600000, 0x0000000087680000, 0x00000000d6200000)
  object space 82432K, 50% used [0x0000000082600000,0x0000000084eff240,0x0000000087680000)
 Metaspace       used 21439K, capacity 22496K, committed 22656K, reserved 1069056K
  class space    used 2878K, capacity 3131K, committed 3200K, reserved 1048576K
Event: 46.928 GC heap after
Heap after GC invocations=6 (full 1):
 PSYoungGen      total 37376K, used 960K [0x00000000d6200000, 0x00000000dc880000, 0x0000000100000000)
  eden space 32256K, 0% used [0x00000000d6200000,0x00000000d6200000,0x00000000d8180000)
  from space 5120K, 18% used [0x00000000d8200000,0x00000000d82f0000,0x00000000d8700000)
  to   space 36352K, 0% used [0x00000000da500000,0x00000000da500000,0x00000000dc880000)
 ParOldGen       total 82432K, used 57275K [0x0000000082600000, 0x0000000087680000, 0x00000000d6200000)
  object space 82432K, 69% used [0x0000000082600000,0x0000000085deede0,0x0000000087680000)
 Metaspace       used 21439K, capacity 22496K, committed 22656K, reserved 1069056K
  class space    used 2878K, capacity 3131K, committed 3200K, reserved 1048576K
}
Event: 46.928 GC heap before
{Heap before GC invocations=7 (full 2):
 PSYoungGen      total 37376K, used 960K [0x00000000d6200000, 0x00000000dc880000, 0x0000000100000000)
  eden space 32256K, 0% used [0x00000000d6200000,0x00000000d6200000,0x00000000d8180000)
  from space 5120K, 18% used [0x00000000d8200000,0x00000000d82f0000,0x00000000d8700000)
  to   space 36352K, 0% used [0x00000000da500000,0x00000000da500000,0x00000000dc880000)
 ParOldGen       total 82432K, used 57275K [0x0000000082600000, 0x0000000087680000, 0x00000000d6200000)
  object space 82432K, 69% used [0x0000000082600000,0x0000000085deede0,0x0000000087680000)
 Metaspace       used 21439K, capacity 22496K, committed 22656K, reserved 1069056K
  class space    used 2878K, capacity 3131K, committed 3200K, reserved 1048576K
Event: 46.945 GC heap after
Heap after GC invocations=7 (full 2):
 PSYoungGen      total 37376K, used 0K [0x00000000d6200000, 0x00000000dc880000, 0x0000000100000000)
  eden space 32256K, 0% used [0x00000000d6200000,0x00000000d6200000,0x00000000d8180000)
  from space 5120K, 0% used [0x00000000d8200000,0x00000000d8200000,0x00000000d8700000)
  to   space 36352K, 0% used [0x00000000da500000,0x00000000da500000,0x00000000dc880000)
 ParOldGen       total 97792K, used 33141K [0x0000000082600000, 0x0000000088580000, 0x00000000d6200000)
  object space 97792K, 33% used [0x0000000082600000,0x000000008465d6d0,0x0000000088580000)
 Metaspace       used 21439K, capacity 22496K, committed 22656K, reserved 1069056K
  class space    used 2878K, capacity 3131K, committed 3200K, reserved 1048576K
}
Event: 48.924 GC heap before
{Heap before GC invocations=8 (full 2):
 PSYoungGen      total 37376K, used 32074K [0x00000000d6200000, 0x00000000dc880000, 0x0000000100000000)
  eden space 32256K, 99% used [0x00000000d6200000,0x00000000d8152980,0x00000000d8180000)
  from space 5120K, 0% used [0x00000000d8200000,0x00000000d8200000,0x00000000d8700000)
  to   space 36352K, 0% used [0x00000000da500000,0x00000000da500000,0x00000000dc880000)
 ParOldGen       total 97792K, used 33141K [0x0000000082600000, 0x0000000088580000, 0x00000000d6200000)
  object space 97792K, 33% used [0x0000000082600000,0x000000008465d6d0,0x0000000088580000)
 Metaspace       used 21910K, capacity 23008K, committed 23168K, reserved 1069056K
  class space    used 2930K, capacity 3195K, committed 3200K, reserved 1048576K
Event: 48.931 GC heap after
Heap after GC invocations=8 (full 2):
 PSYoungGen      total 66048K, used 22526K [0x00000000d6200000, 0x00000000dcd00000, 0x0000000100000000)
  eden space 29696K, 0% used [0x00000000d6200000,0x00000000d6200000,0x00000000d7f00000)
  from space 36352K, 61% used [0x00000000da500000,0x00000000dbaff9a8,0x00000000dc880000)
  to   space 38912K, 0% used [0x00000000d7f00000,0x00000000d7f00000,0x00000000da500000)
 ParOldGen       total 97792K, used 33149K [0x0000000082600000, 0x0000000088580000, 0x00000000d6200000)
  object space 97792K, 33% used [0x0000000082600000,0x000000008465f6d0,0x0000000088580000)
 Metaspace       used 21910K, capacity 23008K, committed 23168K, reserved 1069056K
  class space    used 2930K, capacity 3195K, committed 3200K, reserved 1048576K
}
Event: 52.108 GC heap before
{Heap before GC invocations=9 (full 2):
 PSYoungGen      total 66048K, used 52222K [0x00000000d6200000, 0x00000000dcd00000, 0x0000000100000000)
  eden space 29696K, 100% used [0x00000000d6200000,0x00000000d7f00000,0x00000000d7f00000)
  from space 36352K, 61% used [0x00000000da500000,0x00000000dbaff9a8,0x00000000dc880000)
  to   space 38912K, 0% used [0x00000000d7f00000,0x00000000d7f00000,0x00000000da500000)
 ParOldGen       total 97792K, used 33149K [0x0000000082600000, 0x0000000088580000, 0x00000000d6200000)
  object space 97792K, 33% used [0x0000000082600000,0x000000008465f6d0,0x0000000088580000)
 Metaspace       used 21916K, capacity 23008K, committed 23168K, reserved 1069056K
  class space    used 2930K, capacity 3195K, committed 3200K, reserved 1048576K
Event: 52.117 GC heap after
Heap after GC invocations=9 (full 2):
 PSYoungGen      total 68096K, used 35393K [0x00000000d6200000, 0x00000000dd980000, 0x0000000100000000)
  eden space 29184K, 0% used [0x00000000d6200000,0x00000000d6200000,0x00000000d7e80000)
  from space 38912K, 90% used [0x00000000d7f00000,0x00000000da1905d0,0x00000000da500000)
  to   space 46592K, 0% used [0x00000000dac00000,0x00000000dac00000,0x00000000dd980000)
 ParOldGen       total 97792K, used 39931K [0x0000000082600000, 0x0000000088580000, 0x00000000d6200000)
  object space 97792K, 40% used [0x0000000082600000,0x0000000084cfec28,0x0000000088580000)
 Metaspace       used 21916K, capacity 23008K, committed 23168K, reserved 1069056K
  class space    used 2930K, capacity 3195K, committed 3200K, reserved 1048576K
}

Deoptimization events (10 events):
Event: 44.928 Thread 0x0000023a57156800 Uncommon trap: reason=array_check action=maybe_recompile pc=0x0000023a408ba8fc method=com.sun.javafx.css.SimpleSelector.applies(Ljavafx/css/Styleable;[Ljava/util/Set;I)Z @ 37
Event: 44.928 Thread 0x0000023a57156800 Uncommon trap: reason=array_check action=maybe_recompile pc=0x0000023a408b1204 method=com.sun.javafx.css.SimpleSelector.applies(Ljavafx/css/Styleable;[Ljava/util/Set;I)Z @ 37
Event: 44.943 Thread 0x0000023a57156800 Uncommon trap: reason=unstable_if action=reinterpret pc=0x0000023a40653994 method=java.io.ByteArrayInputStream.read()I @ 8
Event: 44.943 Thread 0x0000023a57156800 Uncommon trap: reason=class_check action=maybe_recompile pc=0x0000023a403e63b0 method=java.io.FilterInputStream.read()I @ 4
Event: 44.944 Thread 0x0000023a57156800 Uncommon trap: reason=class_check action=maybe_recompile pc=0x0000023a403e63b0 method=java.io.FilterInputStream.read()I @ 4
Event: 44.944 Thread 0x0000023a57156800 Uncommon trap: reason=class_check action=maybe_recompile pc=0x0000023a403e63b0 method=java.io.FilterInputStream.read()I @ 4
Event: 44.944 Thread 0x0000023a57156800 Uncommon trap: reason=class_check action=maybe_recompile pc=0x0000023a403e63b0 method=java.io.FilterInputStream.read()I @ 4
Event: 46.641 Thread 0x0000023a57156800 Uncommon trap: reason=predicate action=maybe_recompile pc=0x0000023a402dcb64 method=sun.net.www.ParseUtil.encodePath(Ljava/lang/String;Z)Ljava/lang/String; @ 36
Event: 52.274 Thread 0x0000023a57156800 Uncommon trap: reason=unstable_if action=reinterpret pc=0x0000023a402e3bd4 method=java.lang.String.lastIndexOf([CII[CIII)I @ 66
Event: 52.478 Thread 0x0000023a570dc800 Uncommon trap: reason=class_check action=maybe_recompile pc=0x0000023a409a91c0 method=java.util.concurrent.ConcurrentHashMap.putVal(Ljava/lang/Object;Ljava/lang/Object;Z)Ljava/lang/Object; @ 192

Classes redefined (0 events):
No events

Internal exceptions (10 events):
Event: 0.626 Thread 0x0000023a57156800 Exception <a 'java/lang/ArrayIndexOutOfBoundsException'> (0x00000000d8029240) thrown at [C:\jenkins\workspace\8-2-build-windows-amd64-cygwin\jdk8u271\605\hotspot\src\share\vm\runtime\sharedRuntime.cpp, line 609]
Event: 0.689 Thread 0x0000023a57156800 Implicit null exception at 0x0000023a40321435 to 0x0000023a40321649
Event: 0.787 Thread 0x0000023a57156800 Exception <a 'java/io/FileNotFoundException'> (0x00000000d68109a8) thrown at [C:\jenkins\workspace\8-2-build-windows-amd64-cygwin\jdk8u271\605\hotspot\src\share\vm\prims\jni.cpp, line 710]
Event: 8.286 Thread 0x0000023a57156800 Exception <a 'java/io/FileNotFoundException'> (0x00000000d732e8e0) thrown at [C:\jenkins\workspace\8-2-build-windows-amd64-cygwin\jdk8u271\605\hotspot\src\share\vm\prims\jni.cpp, line 710]
Event: 8.326 Thread 0x0000023a57156800 Exception <a 'java/io/FileNotFoundException'> (0x00000000d73ad890) thrown at [C:\jenkins\workspace\8-2-build-windows-amd64-cygwin\jdk8u271\605\hotspot\src\share\vm\prims\jni.cpp, line 710]
Event: 30.644 Thread 0x0000023a57156800 Exception <a 'java/io/FileNotFoundException'> (0x00000000d77ebaa8) thrown at [C:\jenkins\workspace\8-2-build-windows-amd64-cygwin\jdk8u271\605\hotspot\src\share\vm\prims\jni.cpp, line 710]
Event: 43.416 Thread 0x0000023a57156800 Exception <a 'java/io/FileNotFoundException'> (0x00000000d6e66158) thrown at [C:\jenkins\workspace\8-2-build-windows-amd64-cygwin\jdk8u271\605\hotspot\src\share\vm\prims\jni.cpp, line 710]
Event: 43.432 Thread 0x0000023a57156800 Implicit null exception at 0x0000023a4070184b to 0x0000023a407026d1
Event: 52.231 Thread 0x0000023a57156800 Exception <a 'java/io/FileNotFoundException'> (0x00000000d7180ae0) thrown at [C:\jenkins\workspace\8-2-build-windows-amd64-cygwin\jdk8u271\605\hotspot\src\share\vm\prims\jni.cpp, line 710]
Event: 78.055 Thread 0x0000023a56cd3800 Exception <a 'java/lang/IllegalStateException'> (0x00000000d75660d8) thrown at [C:\jenkins\workspace\8-2-build-windows-amd64-cygwin\jdk8u271\605\hotspot\src\share\vm\prims\jvm.cpp, line 1516]

Events (10 events):
Event: 78.055 Thread 0x0000023a56cd7000 Thread added: 0x0000023a56cd7000
Event: 78.055 loading class com/sun/javafx/tk/quantum/QuantumToolkit
Event: 78.055 loading class com/sun/javafx/tk/quantum/QuantumToolkit done
Event: 78.055 Thread 0x0000023a56cd3800 Thread exited: 0x0000023a56cd3800
Event: 78.059 Executing VM operation: RevokeBias
Event: 78.059 Executing VM operation: RevokeBias done
Event: 78.059 Thread 0x0000023a5c7f5800 Thread exited: 0x0000023a5c7f5800
Event: 78.062 Thread 0x0000023a570dc800 Thread exited: 0x0000023a570dc800
Event: 78.156 Thread 0x0000023a56cd1000 Thread exited: 0x0000023a56cd1000
Event: 78.156 Executing VM operation: Exit


Dynamic libraries:
0x00007ff7adf10000 - 0x00007ff7adf57000 	C:\Program Files\Java\jdk1.8.0_271\bin\java.exe
0x00007ffe5e670000 - 0x00007ffe5e865000 	C:\WINDOWS\SYSTEM32\ntdll.dll
0x00007ffe5d1d0000 - 0x00007ffe5d28e000 	C:\WINDOWS\System32\KERNEL32.DLL
0x00007ffe5c280000 - 0x00007ffe5c549000 	C:\WINDOWS\System32\KERNELBASE.dll
0x00007ffe5da00000 - 0x00007ffe5daac000 	C:\WINDOWS\System32\ADVAPI32.dll
0x00007ffe5d6a0000 - 0x00007ffe5d73e000 	C:\WINDOWS\System32\msvcrt.dll
0x00007ffe5cf90000 - 0x00007ffe5d02b000 	C:\WINDOWS\System32\sechost.dll
0x00007ffe5d290000 - 0x00007ffe5d3ba000 	C:\WINDOWS\System32\RPCRT4.dll
0x00007ffe5d740000 - 0x00007ffe5d8e1000 	C:\WINDOWS\System32\USER32.dll
0x00007ffe5c690000 - 0x00007ffe5c6b2000 	C:\WINDOWS\System32\win32u.dll
0x00007ffe5d9c0000 - 0x00007ffe5d9eb000 	C:\WINDOWS\System32\GDI32.dll
0x00007ffe5c170000 - 0x00007ffe5c27b000 	C:\WINDOWS\System32\gdi32full.dll
0x00007ffe5c0d0000 - 0x00007ffe5c16d000 	C:\WINDOWS\System32\msvcp_win.dll
0x00007ffe5bd90000 - 0x00007ffe5be90000 	C:\WINDOWS\System32\ucrtbase.dll
0x00007ffe44960000 - 0x00007ffe44bfa000 	C:\WINDOWS\WinSxS\amd64_microsoft.windows.common-controls_6595b64144ccf1df_6.0.19041.1110_none_60b5254171f9507e\COMCTL32.dll
0x00007ffe5de10000 - 0x00007ffe5de40000 	C:\WINDOWS\System32\IMM32.DLL
0x00007ffe47620000 - 0x00007ffe47635000 	C:\Program Files\Java\jdk1.8.0_271\jre\bin\vcruntime140.dll
0x00007ffe47580000 - 0x00007ffe4761b000 	C:\Program Files\Java\jdk1.8.0_271\jre\bin\msvcp140.dll
0x0000000070930000 - 0x000000007119f000 	C:\Program Files\Java\jdk1.8.0_271\jre\bin\server\jvm.dll
0x00007ffe5d9f0000 - 0x00007ffe5d9f8000 	C:\WINDOWS\System32\PSAPI.DLL
0x00007ffe44950000 - 0x00007ffe44959000 	C:\WINDOWS\SYSTEM32\WSOCK32.dll
0x00007ffe3d550000 - 0x00007ffe3d577000 	C:\WINDOWS\SYSTEM32\WINMM.dll
0x00007ffe541a0000 - 0x00007ffe541aa000 	C:\WINDOWS\SYSTEM32\VERSION.dll
0x00007ffe5dba0000 - 0x00007ffe5dc0b000 	C:\WINDOWS\System32\WS2_32.dll
0x00007ffe5a600000 - 0x00007ffe5a612000 	C:\WINDOWS\SYSTEM32\kernel.appcore.dll
0x00007ffe47560000 - 0x00007ffe47570000 	C:\Program Files\Java\jdk1.8.0_271\jre\bin\verify.dll
0x00007ffe3ae20000 - 0x00007ffe3ae4b000 	C:\Program Files\Java\jdk1.8.0_271\jre\bin\java.dll
0x00007ffe4d630000 - 0x00007ffe4d660000 	C:\Program Files\Java\jdk1.8.0_271\jre\bin\instrument.dll
0x00007ffe3ae00000 - 0x00007ffe3ae18000 	C:\Program Files\Java\jdk1.8.0_271\jre\bin\zip.dll
0x00007ffe5de40000 - 0x00007ffe5e57f000 	C:\WINDOWS\System32\SHELL32.dll
0x00007ffe59e10000 - 0x00007ffe5a5a0000 	C:\WINDOWS\SYSTEM32\windows.storage.dll
0x00007ffe5c6c0000 - 0x00007ffe5ca15000 	C:\WINDOWS\System32\combase.dll
0x00007ffe5b7c0000 - 0x00007ffe5b7ec000 	C:\WINDOWS\SYSTEM32\Wldp.dll
0x00007ffe5e580000 - 0x00007ffe5e62d000 	C:\WINDOWS\System32\SHCORE.dll
0x00007ffe5d950000 - 0x00007ffe5d9a5000 	C:\WINDOWS\System32\shlwapi.dll
0x00007ffe5bcd0000 - 0x00007ffe5bcef000 	C:\WINDOWS\SYSTEM32\profapi.dll
0x00007ffe4cd60000 - 0x00007ffe4cd7a000 	C:\Program Files\IntelliJ IDEA 2020.3\bin\breakgen64.dll
0x00007ffe381e0000 - 0x00007ffe381fc000 	C:\Program Files\Java\jdk1.8.0_271\jre\bin\net.dll
0x00007ffe5b4f0000 - 0x00007ffe5b55a000 	C:\WINDOWS\system32\mswsock.dll
0x0000023a57840000 - 0x0000023a57843000 	C:\Program Files\Java\jdk1.8.0_271\jre\bin\api-ms-win-core-console-l1-1-0.dll
0x0000023a57850000 - 0x0000023a57853000 	C:\Program Files\Java\jdk1.8.0_271\jre\bin\api-ms-win-core-console-l1-2-0.dll
0x0000023a57860000 - 0x0000023a57863000 	C:\Program Files\Java\jdk1.8.0_271\jre\bin\api-ms-win-core-datetime-l1-1-0.dll
0x0000023a57870000 - 0x0000023a57873000 	C:\Program Files\Java\jdk1.8.0_271\jre\bin\api-ms-win-core-debug-l1-1-0.dll
0x0000023a57880000 - 0x0000023a57883000 	C:\Program Files\Java\jdk1.8.0_271\jre\bin\api-ms-win-core-errorhandling-l1-1-0.dll
0x0000023a57890000 - 0x0000023a57894000 	C:\Program Files\Java\jdk1.8.0_271\jre\bin\api-ms-win-core-file-l1-1-0.dll
0x0000023a578a0000 - 0x0000023a578a3000 	C:\Program Files\Java\jdk1.8.0_271\jre\bin\api-ms-win-core-file-l1-2-0.dll
0x0000023a578b0000 - 0x0000023a578b3000 	C:\Program Files\Java\jdk1.8.0_271\jre\bin\api-ms-win-core-file-l2-1-0.dll
0x0000023a578c0000 - 0x0000023a578c3000 	C:\Program Files\Java\jdk1.8.0_271\jre\bin\api-ms-win-core-handle-l1-1-0.dll
0x0000023a578d0000 - 0x0000023a578d3000 	C:\Program Files\Java\jdk1.8.0_271\jre\bin\api-ms-win-core-heap-l1-1-0.dll
0x0000023a578e0000 - 0x0000023a578e3000 	C:\Program Files\Java\jdk1.8.0_271\jre\bin\api-ms-win-core-interlocked-l1-1-0.dll
0x0000023a578f0000 - 0x0000023a578f3000 	C:\Program Files\Java\jdk1.8.0_271\jre\bin\api-ms-win-core-libraryloader-l1-1-0.dll
0x0000023a57900000 - 0x0000023a57903000 	C:\Program Files\Java\jdk1.8.0_271\jre\bin\api-ms-win-core-localization-l1-2-0.dll
0x0000023a57910000 - 0x0000023a57913000 	C:\Program Files\Java\jdk1.8.0_271\jre\bin\api-ms-win-core-memory-l1-1-0.dll
0x0000023a57920000 - 0x0000023a57923000 	C:\Program Files\Java\jdk1.8.0_271\jre\bin\api-ms-win-core-namedpipe-l1-1-0.dll
0x0000023a57930000 - 0x0000023a57933000 	C:\Program Files\Java\jdk1.8.0_271\jre\bin\api-ms-win-core-processenvironment-l1-1-0.dll
0x0000023a57940000 - 0x0000023a57943000 	C:\Program Files\Java\jdk1.8.0_271\jre\bin\api-ms-win-core-processthreads-l1-1-0.dll
0x0000023a57950000 - 0x0000023a57953000 	C:\Program Files\Java\jdk1.8.0_271\jre\bin\api-ms-win-core-processthreads-l1-1-1.dll
0x0000023a57960000 - 0x0000023a57963000 	C:\Program Files\Java\jdk1.8.0_271\jre\bin\api-ms-win-core-profile-l1-1-0.dll
0x0000023a57970000 - 0x0000023a57973000 	C:\Program Files\Java\jdk1.8.0_271\jre\bin\api-ms-win-core-rtlsupport-l1-1-0.dll
0x0000023a57980000 - 0x0000023a57983000 	C:\Program Files\Java\jdk1.8.0_271\jre\bin\api-ms-win-core-string-l1-1-0.dll
0x0000023a57990000 - 0x0000023a57993000 	C:\Program Files\Java\jdk1.8.0_271\jre\bin\api-ms-win-core-synch-l1-1-0.dll
0x0000023a579a0000 - 0x0000023a579a3000 	C:\Program Files\Java\jdk1.8.0_271\jre\bin\api-ms-win-core-synch-l1-2-0.dll
0x0000023a579b0000 - 0x0000023a579b3000 	C:\Program Files\Java\jdk1.8.0_271\jre\bin\api-ms-win-core-sysinfo-l1-1-0.dll
0x0000023a579c0000 - 0x0000023a579c3000 	C:\Program Files\Java\jdk1.8.0_271\jre\bin\api-ms-win-core-timezone-l1-1-0.dll
0x0000023a579d0000 - 0x0000023a579d3000 	C:\Program Files\Java\jdk1.8.0_271\jre\bin\api-ms-win-core-util-l1-1-0.dll
0x0000023a579e0000 - 0x0000023a579e3000 	C:\Program Files\Java\jdk1.8.0_271\jre\bin\api-ms-win-crt-conio-l1-1-0.dll
0x0000023a579f0000 - 0x0000023a579f4000 	C:\Program Files\Java\jdk1.8.0_271\jre\bin\api-ms-win-crt-convert-l1-1-0.dll
0x0000023a57a00000 - 0x0000023a57a03000 	C:\Program Files\Java\jdk1.8.0_271\jre\bin\api-ms-win-crt-environment-l1-1-0.dll
0x0000023a57a10000 - 0x0000023a57a13000 	C:\Program Files\Java\jdk1.8.0_271\jre\bin\api-ms-win-crt-filesystem-l1-1-0.dll
0x0000023a57a20000 - 0x0000023a57a23000 	C:\Program Files\Java\jdk1.8.0_271\jre\bin\api-ms-win-crt-heap-l1-1-0.dll
0x0000023a57a30000 - 0x0000023a57a33000 	C:\Program Files\Java\jdk1.8.0_271\jre\bin\api-ms-win-crt-locale-l1-1-0.dll
0x0000023a57a40000 - 0x0000023a57a45000 	C:\Program Files\Java\jdk1.8.0_271\jre\bin\api-ms-win-crt-math-l1-1-0.dll
0x0000023a57a50000 - 0x0000023a57a55000 	C:\Program Files\Java\jdk1.8.0_271\jre\bin\api-ms-win-crt-multibyte-l1-1-0.dll
0x0000023a57a60000 - 0x0000023a57a70000 	C:\Program Files\Java\jdk1.8.0_271\jre\bin\api-ms-win-crt-private-l1-1-0.dll
0x0000023a57a70000 - 0x0000023a57a73000 	C:\Program Files\Java\jdk1.8.0_271\jre\bin\api-ms-win-crt-process-l1-1-0.dll
0x0000023a57a80000 - 0x0000023a57a84000 	C:\Program Files\Java\jdk1.8.0_271\jre\bin\api-ms-win-crt-runtime-l1-1-0.dll
0x0000023a57a90000 - 0x0000023a57a94000 	C:\Program Files\Java\jdk1.8.0_271\jre\bin\api-ms-win-crt-stdio-l1-1-0.dll
0x0000023a57aa0000 - 0x0000023a57aa4000 	C:\Program Files\Java\jdk1.8.0_271\jre\bin\api-ms-win-crt-string-l1-1-0.dll
0x0000023a57ab0000 - 0x0000023a57ab3000 	C:\Program Files\Java\jdk1.8.0_271\jre\bin\api-ms-win-crt-time-l1-1-0.dll
0x0000023a57ac0000 - 0x0000023a57ac3000 	C:\Program Files\Java\jdk1.8.0_271\jre\bin\api-ms-win-crt-utility-l1-1-0.dll
0x00007ffe4cb70000 - 0x00007ffe4cc6a000 	C:\Program Files\Java\jdk1.8.0_271\jre\bin\ucrtbase.dll
0x00007ffe54f50000 - 0x00007ffe54f5c000 	C:\Windows\System32\vcruntime140_1.dll
0x00007ffe4ba70000 - 0x00007ffe4ba93000 	C:\Program Files\Java\jdk1.8.0_271\jre\bin\prism_d3d.dll
0x00007ffe496f0000 - 0x00007ffe498be000 	C:\WINDOWS\system32\d3d9.dll
0x00007ffe59690000 - 0x00007ffe596bf000 	C:\WINDOWS\SYSTEM32\dwmapi.dll
0x00007ffe59420000 - 0x00007ffe594be000 	C:\WINDOWS\system32\uxtheme.dll
0x00007ffe504d0000 - 0x00007ffe505f0000 	C:\WINDOWS\System32\DriverStore\FileRepository\iigd_dch.inf_amd64_7d6ad0397c5dc3fd\igdgmm64.dll
0x00007ffe157e0000 - 0x00007ffe193f1000 	C:\WINDOWS\System32\DriverStore\FileRepository\iigd_dch.inf_amd64_7d6ad0397c5dc3fd\igd9dxva64.dll
0x00007ffe5d3c0000 - 0x00007ffe5d4ea000 	C:\WINDOWS\System32\OLE32.dll
0x00007ffe5dd40000 - 0x00007ffe5de0d000 	C:\WINDOWS\System32\OLEAUT32.dll
0x00007ffe2dc80000 - 0x00007ffe2dcc5000 	C:\Program Files\Java\jdk1.8.0_271\jre\bin\glass.dll
0x00007ffe5ca30000 - 0x00007ffe5cb0a000 	C:\WINDOWS\System32\COMDLG32.dll
0x00007ffe5d0b0000 - 0x00007ffe5d1c5000 	C:\WINDOWS\System32\MSCTF.dll
0x00007ffe5c550000 - 0x00007ffe5c5d3000 	C:\WINDOWS\System32\bcryptPrimitives.dll
0x00007ffe52900000 - 0x00007ffe5293b000 	C:\WINDOWS\SYSTEM32\dxcore.dll
0x00007ffe5be90000 - 0x00007ffe5bede000 	C:\WINDOWS\System32\cfgmgr32.dll
0x00007ffe4cb50000 - 0x00007ffe4cb64000 	C:\Program Files\Java\jdk1.8.0_271\jre\bin\javafx_font.dll
0x00007ffe4bc30000 - 0x00007ffe4beb3000 	C:\WINDOWS\SYSTEM32\dwrite.dll
0x00007ffe5dc10000 - 0x00007ffe5dcb9000 	C:\WINDOWS\System32\clbcatq.dll
0x00007ffe54d60000 - 0x00007ffe54f14000 	C:\WINDOWS\SYSTEM32\WindowsCodecs.dll
0x00007ffe5c040000 - 0x00007ffe5c067000 	C:\WINDOWS\System32\bcrypt.dll
0x00007ffe45300000 - 0x00007ffe4533e000 	C:\WINDOWS\system32\dataexchange.dll
0x00007ffe579c0000 - 0x00007ffe57c24000 	C:\WINDOWS\system32\d3d11.dll
0x00007ffe587b0000 - 0x00007ffe58995000 	C:\WINDOWS\system32\dcomp.dll
0x00007ffe5a640000 - 0x00007ffe5a734000 	C:\WINDOWS\system32\dxgi.dll
0x00007ffe550c0000 - 0x00007ffe552c1000 	C:\WINDOWS\system32\twinapi.appcore.dll
0x00007ffe31830000 - 0x00007ffe31864000 	C:\Program Files\Common Files\Microsoft Shared\Ink\rtscom.dll
0x00007ffe503d0000 - 0x00007ffe504c9000 	C:\WINDOWS\SYSTEM32\textinputframework.dll
0x00007ffe58d20000 - 0x00007ffe5907e000 	C:\WINDOWS\System32\CoreUIComponents.dll
0x00007ffe59080000 - 0x00007ffe59172000 	C:\WINDOWS\System32\CoreMessaging.dll
0x00007ffe58650000 - 0x00007ffe587a4000 	C:\WINDOWS\SYSTEM32\wintypes.dll
0x00007ffe5aa40000 - 0x00007ffe5aa73000 	C:\WINDOWS\SYSTEM32\ntmarta.dll
0x00007ffe56ad0000 - 0x00007ffe56b36000 	C:\WINDOWS\system32\Oleacc.dll
0x00007ffe49420000 - 0x00007ffe49432000 	C:\Program Files\Java\jdk1.8.0_271\jre\bin\prism_common.dll
0x00007ffe2c7a0000 - 0x00007ffe2c934000 	C:\Program Files\Java\jdk1.8.0_271\jre\bin\awt.dll
0x00007ffe592c0000 - 0x00007ffe59350000 	C:\WINDOWS\SYSTEM32\apphelp.dll
0x00007ffe37550000 - 0x00007ffe37675000 	C:\WINDOWS\system32\opengl32.dll
0x00007ffe4c260000 - 0x00007ffe4c28c000 	C:\WINDOWS\SYSTEM32\GLU32.dll
0x00007ffe5b1e0000 - 0x00007ffe5b2ac000 	C:\WINDOWS\SYSTEM32\DNSAPI.dll
0x00007ffe5b1a0000 - 0x00007ffe5b1db000 	C:\WINDOWS\SYSTEM32\IPHLPAPI.DLL
0x00007ffe5ca20000 - 0x00007ffe5ca28000 	C:\WINDOWS\System32\NSI.dll
0x00007ffe4c110000 - 0x00007ffe4c11a000 	C:\Windows\System32\rasadhlp.dll
0x00007ffe4c120000 - 0x00007ffe4c19f000 	C:\WINDOWS\System32\fwpuclnt.dll
0x00007ffe2e280000 - 0x00007ffe2e293000 	C:\Program Files\Java\jdk1.8.0_271\jre\bin\nio.dll
0x00007ffe58090000 - 0x00007ffe58650000 	C:\WINDOWS\SYSTEM32\d2d1.dll
0x00007ffe52b60000 - 0x00007ffe53256000 	C:\WINDOWS\SYSTEM32\D3D10Warp.dll
0x00007ffe59c20000 - 0x00007ffe59e04000 	C:\WINDOWS\SYSTEM32\dbghelp.dll

VM Arguments:
jvm_args: -javaagent:C:\Program Files\IntelliJ IDEA 2020.3\lib\idea_rt.jar=59873:C:\Program Files\IntelliJ IDEA 2020.3\bin -Dfile.encoding=UTF-8 
java_command: sample.Main
java_class_path (initial): C:\Program Files\Java\jdk1.8.0_271\jre\lib\charsets.jar;C:\Program Files\Java\jdk1.8.0_271\jre\lib\deploy.jar;C:\Program Files\Java\jdk1.8.0_271\jre\lib\ext\access-bridge-64.jar;C:\Program Files\Java\jdk1.8.0_271\jre\lib\ext\cldrdata.jar;C:\Program Files\Java\jdk1.8.0_271\jre\lib\ext\dnsns.jar;C:\Program Files\Java\jdk1.8.0_271\jre\lib\ext\jaccess.jar;C:\Program Files\Java\jdk1.8.0_271\jre\lib\ext\jfxrt.jar;C:\Program Files\Java\jdk1.8.0_271\jre\lib\ext\localedata.jar;C:\Program Files\Java\jdk1.8.0_271\jre\lib\ext\nashorn.jar;C:\Program Files\Java\jdk1.8.0_271\jre\lib\ext\sunec.jar;C:\Program Files\Java\jdk1.8.0_271\jre\lib\ext\sunjce_provider.jar;C:\Program Files\Java\jdk1.8.0_271\jre\lib\ext\sunmscapi.jar;C:\Program Files\Java\jdk1.8.0_271\jre\lib\ext\sunpkcs11.jar;C:\Program Files\Java\jdk1.8.0_271\jre\lib\ext\zipfs.jar;C:\Program Files\Java\jdk1.8.0_271\jre\lib\javaws.jar;C:\Program Files\Java\jdk1.8.0_271\jre\lib\jce.jar;C:\Program Files\Java\jdk1.8.0_271\jre\lib\jfr.jar;C:\Program Files\Java\jdk1.8.0_271\jre\lib\jfxswt.jar;C:\Program Files\Java\jdk1.8.0_271\jre\lib\jsse.jar;C:\Program Files\Java\jdk1.8.0_271\jre\lib\management-agent.jar;C:\Program Files\Java\jdk1.8.0_271\jre\lib\plugin.jar;C:\Program Files\Java\jdk1.8.0_271\jre\lib\resources.jar;C:\Program Files\Java\jdk1.8.0_271\jre\lib\rt.jar;D:\REVESoft\Unmochon\source_code\unmochon_source_code\out\production\unmochonJfx;D:\REVESoft\Unmochon\source_code\unmochon_source_code\mysql-connector-java-5.1.45-bin.jar;D:\REVESoft\Unmochon\source_code\unmochon_source_code\jds-3.2.0.jar;D:\REVESoft\Unmochon\source_code\unmochon_source_code\json-simple-1.1.jar;D:\REVESoft\Unmochon\source_code\unmochon_source_code\selenium-server-standalone-3.141.59.jar;C:\Program Files\IntelliJ IDEA 2020.3\lib\idea_rt.jar
Launcher Type: SUN_STANDARD

Environment Variables:
PATH=C:\Program Files (x86)\Razer Chroma SDK\bin;C:\Program Files\Razer Chroma SDK\bin;C:\Program Files (x86)\Razer\ChromaBroadcast\bin;C:\Program Files\Razer\ChromaBroadcast\bin;C:\Python39\Scripts\;C:\Python39\;C:\ProgramData\Oracle\Java\javapath;C:\Program Files (x86)\Common Files\Oracle\Java\javapath;C:\Windows\system32;C:\Windows;C:\Windows\System32\Wbem;C:\Windows\System32\WindowsPowerShell\v1.0\;C:\Windows\System32\OpenSSH\;C:\Program Files (x86)\NVIDIA Corporation\PhysX\Common;C:\Program Files\NVIDIA Corporation\NVIDIA NvDLISR;C:\WINDOWS\system32;C:\WINDOWS;C:\WINDOWS\System32\Wbem;C:\WINDOWS\System32\WindowsPowerShell\v1.0\;C:\WINDOWS\System32\OpenSSH\;C:\opt\apache-maven-3.6.3\bin;C:\Program Files\Git\bin\;C:\Program Files\Git\cmd\;C:\Program Files\nodejs\;C:\ProgramData\chocolatey\bin;C:\Program Files\Redis;D:\Software\ELK_Stack\logstash-7.13.2\bin;D:\Software\ELK_Stack\elasticsearch-7.13.2\bin;D:\Software\ELK_Stack\kibana-7.13.2-windows-x86_64\bin;;C:\Program Files\Kubernetes\Minikube;;C:\WINDOWS\system32\config\systemprofile\AppData\Local\Microsoft\WindowsApps;;;C:\Program Files\Docker\Docker\resources\bin;C:\ProgramData\DockerDesktop\version-bin;%USERPROFILE%\AppData\Local\Microsoft\WindowsApps;%IntelliJ IDEA%;%PhpStorm%;C:\Program Files (x86)\SSH Communications Security\SSH Secure Shell;C:\Users\Hridoy\AppData\Roaming\npm;C:\Users\Hridoy\AppData\Local\Programs\Microsoft VS Code\bin;%WebStorm%;C:\xampp\php;C:\Users\Hridoy\AppData\Roaming\Composer\vendor\bin;C:\Users\Hridoy\AppData\Local\Hyper\app-3.0.2\resources\bin;C:\Users\Hridoy\AppData\Local\Programs\Hyper\resources\bin
USERNAME=Hridoy
OS=Windows_NT
PROCESSOR_IDENTIFIER=Intel64 Family 6 Model 158 Stepping 10, GenuineIntel



---------------  S Y S T E M  ---------------

OS: Windows 10.0 , 64 bit Build 19041 (10.0.19041.1202)

CPU:total 12 (initial active 12) (6 cores per cpu, 2 threads per core) family 6 model 158 stepping 10, cmov, cx8, fxsr, mmx, sse, sse2, sse3, ssse3, sse4.1, sse4.2, popcnt, avx, avx2, aes, clmul, erms, 3dnowpref, lzcnt, ht, tsc, tscinvbit, bmi1, bmi2, adx

Memory: 4k page, physical 8227444k(1123712k free), swap 22383220k(9893916k free)

vm_info: Java HotSpot(TM) 64-Bit Server VM (25.271-b09) for windows-amd64 JRE (1.8.0_271-b09), built on Sep 16 2020 19:14:59 by "" with MS VC++ 15.9 (VS2017)

time: Fri Nov  5 20:56:38 2021
timezone: Bangladesh Standard Time
elapsed time: 78.715530 seconds (0d 0h 1m 18s)

