

Version:	3.12
CmdLine:	I:\web development\protibadiJfx\out\artifacts\protibadiJfx_jar\protibadi.exe --l4j-debug
WOW64:		yes
Working dir:	I:\web development\protibadiJfx\out\artifacts\protibadiJfx_jar\.
Java min ver:	
Java max ver:	
Bundled JRE:	C:\Program Files\Java\jre1.8.0_251\bin
Check launcher:	C:\Program Files\Java\jre1.8.0_251\bin\bin\javaw.exe (not found)
Error msg:	This application was configured to use a bundled Java Runtime Environment but the runtime is missing or corrupted.


Version:	3.12
CmdLine:	I:\web development\protibadiJfx\out\artifacts\protibadiJfx_jar\protibadi.exe --l4j-debug
WOW64:		yes
Working dir:	I:\web development\protibadiJfx\out\artifacts\protibadiJfx_jar\.
Java min ver:	
Java max ver:	
Bundled JRE:	C:\Program Files\Java\jre1.8.0_251\bin
Check launcher:	C:\Program Files\Java\jre1.8.0_251\bin\bin\javaw.exe (not found)
Error msg:	This application was configured to use a bundled Java Runtime Environment but the runtime is missing or corrupted.


Version:	3.12
CmdLine:	I:\web development\protibadiJfx\out\artifacts\protibadiJfx_jar\protibadi.exe --l4j-debug
WOW64:		yes
Working dir:	I:\web development\protibadiJfx\out\artifacts\protibadiJfx_jar\.
Java min ver:	
Java max ver:	
Bundled JRE:	C:\Program Files\Java\jre1.8.0_251\bin
Check launcher:	C:\Program Files\Java\jre1.8.0_251\bin\bin\javaw.exe (not found)
Error msg:	This application was configured to use a bundled Java Runtime Environment but the runtime is missing or corrupted.


Version:	3.12
CmdLine:	I:\web development\protibadiJfx\out\artifacts\protibadiJfx_jar\protibadi.exe --l4j-debug
WOW64:		yes
Working dir:	I:\web development\protibadiJfx\out\artifacts\protibadiJfx_jar\.
Java min ver:	
Java max ver:	
Bundled JRE:	C:\Program Files\Java\jre1.8.0_251\bin
Check launcher:	C:\Program Files\Java\jre1.8.0_251\bin\bin\javaw.exe (not found)
Error msg:	This application was configured to use a bundled Java Runtime Environment but the runtime is missing or corrupted.


Version:	3.12
CmdLine:	I:\web development\protibadiJfx\out\artifacts\protibadiJfx_jar\protibadi.exe --l4j-debug
WOW64:		yes
Working dir:	I:\web development\protibadiJfx\out\artifacts\protibadiJfx_jar\.
Java min ver:	1.008.000
Java max ver:	
64-bit search:	SOFTWARE\JavaSoft\Java Runtime Environment...
Check:		SOFTWARE\JavaSoft\Java Runtime Environment\1.8
Check launcher:	C:\Program Files\Java\jre1.8.0_251\bin\javaw.exe (OK)
Match:		1.008.000
Check:		SOFTWARE\JavaSoft\Java Runtime Environment\1.8.0_251
Check launcher:	C:\Program Files\Java\jre1.8.0_251\bin\javaw.exe (OK)
Match:		1.008.000_251
64-bit search:	SOFTWARE\JavaSoft\Java Development Kit...
Check:		SOFTWARE\JavaSoft\Java Development Kit\1.8
Ignore:		1.008.000
Check:		SOFTWARE\JavaSoft\Java Development Kit\1.8.0_251
Ignore:		1.008.000_251
64-bit search:	SOFTWARE\JavaSoft\JRE...
64-bit search:	SOFTWARE\JavaSoft\JDK...
Runtime used:	1.008.000_251 (64-bit)
Launcher:	C:\Program Files\Java\jre1.8.0_251\bin\javaw.exe
Launcher args:	-jar "I:\web development\protibadiJfx\out\artifacts\protibadiJfx_jar\protibadi.exe"
Args length:	83/32768 chars
Exit code:	0


Version:	3.12
CmdLine:	I:\web development\protibadiJfx\out\artifacts\protibadiJfx_jar\protibadi.exe --l4j-debug
WOW64:		yes
Working dir:	I:\web development\protibadiJfx\out\artifacts\protibadiJfx_jar\.
Java min ver:	1.008.000
Java max ver:	
64-bit search:	SOFTWARE\JavaSoft\Java Runtime Environment...
Check:		SOFTWARE\JavaSoft\Java Runtime Environment\1.8
Check launcher:	C:\Program Files\Java\jre1.8.0_251\bin\javaw.exe (OK)
Match:		1.008.000
Check:		SOFTWARE\JavaSoft\Java Runtime Environment\1.8.0_251
Check launcher:	C:\Program Files\Java\jre1.8.0_251\bin\javaw.exe (OK)
Match:		1.008.000_251
64-bit search:	SOFTWARE\JavaSoft\Java Development Kit...
Check:		SOFTWARE\JavaSoft\Java Development Kit\1.8
Ignore:		1.008.000
Check:		SOFTWARE\JavaSoft\Java Development Kit\1.8.0_251
Ignore:		1.008.000_251
64-bit search:	SOFTWARE\JavaSoft\JRE...
64-bit search:	SOFTWARE\JavaSoft\JDK...
Runtime used:	1.008.000_251 (64-bit)
Launcher:	C:\Program Files\Java\jre1.8.0_251\bin\javaw.exe
Launcher args:	-jar "I:\web development\protibadiJfx\out\artifacts\protibadiJfx_jar\protibadi.exe"
Args length:	83/32768 chars
Exit code:	0


Version:	3.12
CmdLine:	I:\web development\protibadiJfx\out\artifacts\protibadiJfx_jar\protibadi.exe --l4j-debug
WOW64:		yes
Working dir:	I:\web development\protibadiJfx\out\artifacts\protibadiJfx_jar\.
Java min ver:	1.008.000
Java max ver:	
64-bit search:	SOFTWARE\JavaSoft\Java Runtime Environment...
Check:		SOFTWARE\JavaSoft\Java Runtime Environment\1.8
Check launcher:	C:\Program Files\Java\jre1.8.0_251\bin\javaw.exe (OK)
Match:		1.008.000
Check:		SOFTWARE\JavaSoft\Java Runtime Environment\1.8.0_251
Check launcher:	C:\Program Files\Java\jre1.8.0_251\bin\javaw.exe (OK)
Match:		1.008.000_251
64-bit search:	SOFTWARE\JavaSoft\Java Development Kit...
Check:		SOFTWARE\JavaSoft\Java Development Kit\1.8
Ignore:		1.008.000
Check:		SOFTWARE\JavaSoft\Java Development Kit\1.8.0_251
Ignore:		1.008.000_251
64-bit search:	SOFTWARE\JavaSoft\JRE...
64-bit search:	SOFTWARE\JavaSoft\JDK...
Runtime used:	1.008.000_251 (64-bit)
Launcher:	C:\Program Files\Java\jre1.8.0_251\bin\javaw.exe
Launcher args:	-jar "I:\web development\protibadiJfx\out\artifacts\protibadiJfx_jar\protibadi.exe"
Args length:	83/32768 chars
Exit code:	0


Version:	3.12
CmdLine:	I:\web development\protibadiJfx\out\artifacts\protibadiJfx_jar\protibadi.exe --l4j-debug
WOW64:		yes
Working dir:	I:\web development\protibadiJfx\out\artifacts\protibadiJfx_jar\.
Java min ver:	1.008.000
Java max ver:	
64-bit search:	SOFTWARE\JavaSoft\Java Runtime Environment...
Check:		SOFTWARE\JavaSoft\Java Runtime Environment\1.8
Check launcher:	C:\Program Files\Java\jre1.8.0_251\bin\javaw.exe (OK)
Match:		1.008.000
Check:		SOFTWARE\JavaSoft\Java Runtime Environment\1.8.0_251
Check launcher:	C:\Program Files\Java\jre1.8.0_251\bin\javaw.exe (OK)
Match:		1.008.000_251
64-bit search:	SOFTWARE\JavaSoft\Java Development Kit...
Check:		SOFTWARE\JavaSoft\Java Development Kit\1.8
Ignore:		1.008.000
Check:		SOFTWARE\JavaSoft\Java Development Kit\1.8.0_251
Ignore:		1.008.000_251
64-bit search:	SOFTWARE\JavaSoft\JRE...
64-bit search:	SOFTWARE\JavaSoft\JDK...
Runtime used:	1.008.000_251 (64-bit)
Launcher:	C:\Program Files\Java\jre1.8.0_251\bin\javaw.exe
Launcher args:	-jar "I:\web development\protibadiJfx\out\artifacts\protibadiJfx_jar\protibadi.exe"
Args length:	83/32768 chars
Exit code:	0


Version:	3.12
CmdLine:	I:\web development\protibadiJfx\out\artifacts\protibadiJfx_jar\unmochon.exe --l4j-debug
WOW64:		yes
Working dir:	I:\web development\protibadiJfx\out\artifacts\protibadiJfx_jar\.
Java min ver:	1.008.000
Java max ver:	
64-bit search:	SOFTWARE\JavaSoft\Java Runtime Environment...
Check:		SOFTWARE\JavaSoft\Java Runtime Environment\1.8
Check launcher:	C:\Program Files\Java\jre1.8.0_251\bin\javaw.exe (OK)
Match:		1.008.000
Check:		SOFTWARE\JavaSoft\Java Runtime Environment\1.8.0_251
Check launcher:	C:\Program Files\Java\jre1.8.0_251\bin\javaw.exe (OK)
Match:		1.008.000_251
64-bit search:	SOFTWARE\JavaSoft\Java Development Kit...
Check:		SOFTWARE\JavaSoft\Java Development Kit\1.8
Ignore:		1.008.000
Check:		SOFTWARE\JavaSoft\Java Development Kit\1.8.0_251
Ignore:		1.008.000_251
64-bit search:	SOFTWARE\JavaSoft\JRE...
64-bit search:	SOFTWARE\JavaSoft\JDK...
Runtime used:	1.008.000_251 (64-bit)
Launcher:	C:\Program Files\Java\jre1.8.0_251\bin\javaw.exe
Launcher args:	-jar "I:\web development\protibadiJfx\out\artifacts\protibadiJfx_jar\unmochon.exe"
Args length:	82/32768 chars
Exit code:	0


Version:	3.12
CmdLine:	I:\Codes\Java programming\protibadiJfx\out\artifacts\protibadiJfx_jar\unmochonV2.exe --l4j-debug
WOW64:		yes
Working dir:	I:\Codes\Java programming\protibadiJfx\out\artifacts\protibadiJfx_jar\.
Java min ver:	1.007.000
Java max ver:	
64-bit search:	SOFTWARE\JavaSoft\Java Runtime Environment...
Check:		SOFTWARE\JavaSoft\Java Runtime Environment\1.8
Check launcher:	C:\Program Files\Java\jre1.8.0_251\bin\javaw.exe (OK)
Match:		1.008.000
Check:		SOFTWARE\JavaSoft\Java Runtime Environment\1.8.0_251
Check launcher:	C:\Program Files\Java\jre1.8.0_251\bin\javaw.exe (OK)
Match:		1.008.000_251
64-bit search:	SOFTWARE\JavaSoft\Java Development Kit...
Check:		SOFTWARE\JavaSoft\Java Development Kit\1.8
Ignore:		1.008.000
Check:		SOFTWARE\JavaSoft\Java Development Kit\1.8.0_251
Ignore:		1.008.000_251
64-bit search:	SOFTWARE\JavaSoft\JRE...
64-bit search:	SOFTWARE\JavaSoft\JDK...
Runtime used:	1.008.000_251 (64-bit)
Launcher:	C:\Program Files\Java\jre1.8.0_251\bin\javaw.exe
Launcher args:	-jar "I:\Codes\Java programming\protibadiJfx\out\artifacts\protibadiJfx_jar\unmochonV2.exe"
Args length:	91/32768 chars
Exit code:	0
