

Version:	3.14
CmdLine:	D:\REVESoft\Unmochon\source_code\unmochon_source_code\out\artifacts\unmochonJfx_jar\unmochon.exe --l4j-debug
WOW64:		yes
Working dir:	D:\REVESoft\Unmochon\source_code\unmochon_source_code\out\artifacts\unmochonJfx_jar\.
Java min ver:	1.008.000
Java max ver:	
64-bit search:	SOFTWARE\JavaSoft\Java Runtime Environment...
Check:		SOFTWARE\JavaSoft\Java Runtime Environment\1.8
Check launcher:	C:\Program Files\Java\jre1.8.0_271\bin\javaw.exe (OK)
Match:		1.008.000
Check:		SOFTWARE\JavaSoft\Java Runtime Environment\1.8.0_201
Check launcher:	C:\Program Files\Java\jre1.8.0_201\bin\javaw.exe (OK)
Match:		1.008.000_201
Check:		SOFTWARE\JavaSoft\Java Runtime Environment\1.8.0_271
Check launcher:	C:\Program Files\Java\jre1.8.0_271\bin\javaw.exe (OK)
Match:		1.008.000_271
64-bit search:	SOFTWARE\JavaSoft\Java Development Kit...
Check:		SOFTWARE\JavaSoft\Java Development Kit\1.8
Ignore:		1.008.000
Check:		SOFTWARE\JavaSoft\Java Development Kit\1.8.0_201
Ignore:		1.008.000_201
Check:		SOFTWARE\JavaSoft\Java Development Kit\1.8.0_271
Ignore:		1.008.000_271
64-bit search:	SOFTWARE\JavaSoft\JRE...
Check:		SOFTWARE\JavaSoft\JRE\9
Check launcher:	C:\Program Files\Java\jre-9\bin\javaw.exe (OK)
Match:		1.009.000
64-bit search:	SOFTWARE\JavaSoft\JDK...
Check:		SOFTWARE\JavaSoft\JDK\9
Ignore:		1.009.000
Runtime used:	1.009.000 (64-bit)
Launcher:	C:\Program Files\Java\jre-9\bin\javaw.exe
Launcher args:	-jar "D:\REVESoft\Unmochon\source_code\unmochon_source_code\out\artifacts\unmochonJfx_jar\unmochon.exe"
Args length:	103/32768 chars
Exit code:	0


Version:	3.14
CmdLine:	D:\REVESoft\Unmochon\source_code\unmochon_source_code\out\artifacts\unmochonJfx_jar\unmochon.exe --l4j-debug
WOW64:		yes
Working dir:	D:\REVESoft\Unmochon\source_code\unmochon_source_code\out\artifacts\unmochonJfx_jar\.
Java min ver:	1.008.000
Java max ver:	
64-bit search:	SOFTWARE\JavaSoft\Java Runtime Environment...
Check:		SOFTWARE\JavaSoft\Java Runtime Environment\1.8
Check launcher:	C:\Program Files\Java\jre1.8.0_271\bin\javaw.exe (OK)
Match:		1.008.000
Check:		SOFTWARE\JavaSoft\Java Runtime Environment\1.8.0_201
Check launcher:	C:\Program Files\Java\jre1.8.0_201\bin\javaw.exe (OK)
Match:		1.008.000_201
Check:		SOFTWARE\JavaSoft\Java Runtime Environment\1.8.0_271
Check launcher:	C:\Program Files\Java\jre1.8.0_271\bin\javaw.exe (OK)
Match:		1.008.000_271
64-bit search:	SOFTWARE\JavaSoft\Java Development Kit...
Check:		SOFTWARE\JavaSoft\Java Development Kit\1.8
Ignore:		1.008.000
Check:		SOFTWARE\JavaSoft\Java Development Kit\1.8.0_201
Ignore:		1.008.000_201
Check:		SOFTWARE\JavaSoft\Java Development Kit\1.8.0_271
Ignore:		1.008.000_271
64-bit search:	SOFTWARE\JavaSoft\JRE...
Check:		SOFTWARE\JavaSoft\JRE\9
Check launcher:	C:\Program Files\Java\jre-9\bin\javaw.exe (OK)
Match:		1.009.000
64-bit search:	SOFTWARE\JavaSoft\JDK...
Check:		SOFTWARE\JavaSoft\JDK\9
Ignore:		1.009.000
Runtime used:	1.009.000 (64-bit)
Launcher:	C:\Program Files\Java\jre-9\bin\javaw.exe
Launcher args:	-jar "D:\REVESoft\Unmochon\source_code\unmochon_source_code\out\artifacts\unmochonJfx_jar\unmochon.exe"
Args length:	103/32768 chars
Exit code:	0


Version:	3.14
CmdLine:	D:\REVESoft\Unmochon\source_code\unmochon_source_code\out\artifacts\unmochonJfx_jar\unmochon.exe --l4j-debug
WOW64:		yes
Working dir:	D:\REVESoft\Unmochon\source_code\unmochon_source_code\out\artifacts\unmochonJfx_jar\.
Java min ver:	1.008.000
Java max ver:	
Bundled JRE(s):	C:\Program Files\Java\jre1.8.0_201\bin
Check launcher:	C:\Program Files\Java\jre1.8.0_201\bin\javaw.exe (OK)
Launcher:	C:\Program Files\Java\jre1.8.0_201\bin\javaw.exe
Launcher args:	-jar "D:\REVESoft\Unmochon\source_code\unmochon_source_code\out\artifacts\unmochonJfx_jar\unmochon.exe"
Args length:	103/32768 chars
Exit code:	0


Version:	3.14
CmdLine:	D:\REVESoft\Unmochon\source_code\unmochon_source_code\out\artifacts\unmochonJfx_jar\unmochon.exe --l4j-debug
WOW64:		yes
Working dir:	D:\REVESoft\Unmochon\source_code\unmochon_source_code\out\artifacts\unmochonJfx_jar\.
Java min ver:	1.008.000
Java max ver:	
Bundled JRE(s):	C:\Program Files\Java\jre1.8.0_201\bin
Check launcher:	C:\Program Files\Java\jre1.8.0_201\bin\javaw.exe (OK)
Launcher:	C:\Program Files\Java\jre1.8.0_201\bin\javaw.exe
Launcher args:	-jar "D:\REVESoft\Unmochon\source_code\unmochon_source_code\out\artifacts\unmochonJfx_jar\unmochon.exe"
Args length:	103/32768 chars
Exit code:	0
